    Status `~/Projects/Active/SIIP/tda-ps/simulations/environments/powersimulations.env/Project.toml`
  [336ed68f] CSV v0.5.2
  [a93c6f00] DataFrames v0.18.0
  [1313f7d8] DataFramesMeta v0.4.1
  [e2685f51] ECOS v0.9.4
  [60bf3e95] GLPK v0.9.1
  [c91e804a] Gadfly v1.0.1
  [2030c09a] InfrastructureModels v0.2.0 #900f4e8 (https://github.com/lanl-ansi/InfrastructureModels.jl.git)
  [b6b21f68] Ipopt v0.5.4
  [4076af6c] JuMP v0.19.0+ #94e2cbb (https://github.com/JuliaOpt/JuMP.jl.git)
  [774612a8] ParameterJuMP v0.0.1 #dfb1e3c (https://github.com/JuliaStochOpt/ParameterJuMP.jl.git)
  [c36e90e8] PowerModels v0.10.0 #ba38acd (https://github.com/lanl-ansi/PowerModels.jl.git)
  [e690365d] PowerSimulations v0.1.0 #54b40c0 (https://github.com/nrel/powersimulations.jl)
  [bcd98974] PowerSystems v0.3.0 #fc479d1 (https://github.com/NREL/PowerSystems.jl.git)
  [9e3dc215] TimeSeries v0.14.1
┌ Warning: Module TableTraits with build ID 407461015999139 is missing from the cache.
│ This may mean TableTraits [3783bdb8-4a98-5b6b-af9a-565f29a5fe9c] does not support precompilation but is imported by a module that does.
└ @ Base loading.jl:947
┌ Warning: Module TableTraits with build ID 407461015999139 is missing from the cache.
│ This may mean TableTraits [3783bdb8-4a98-5b6b-af9a-565f29a5fe9c] does not support precompilation but is imported by a module that does.
└ @ Base loading.jl:947
┌ Warning: Module TableTraits with build ID 407461015999139 is missing from the cache.
│ This may mean TableTraits [3783bdb8-4a98-5b6b-af9a-565f29a5fe9c] does not support precompilation but is imported by a module that does.
└ @ Base loading.jl:947
┌ Warning: Module Tables with build ID 407713890251202 is missing from the cache.
│ This may mean Tables [bd369af6-aec1-5ad0-b16a-f7cc5008161c] does not support precompilation but is imported by a module that does.
└ @ Base loading.jl:947
┌ Warning: Module DataFrames with build ID 407718871750566 is missing from the cache.
│ This may mean DataFrames [a93c6f00-e57d-5684-b7b6-d8193f3e46c0] does not support precompilation but is imported by a module that does.
└ @ Base loading.jl:947
[ Info: Loading DataFrames support into Gadfly.jl
┌ Warning: Module JuMP with build ID 407732853843459 is missing from the cache.
│ This may mean JuMP [4076af6c-e467-56ae-b986-b466b2749572] does not support precompilation but is imported by a module that does.
└ @ Base loading.jl:947
┌ Warning: Module JuMP with build ID 407732853843459 is missing from the cache.
│ This may mean JuMP [4076af6c-e467-56ae-b986-b466b2749572] does not support precompilation but is imported by a module that does.
└ @ Base loading.jl:947
┌ Warning: Module JuMP with build ID 407732853843459 is missing from the cache.
│ This may mean JuMP [4076af6c-e467-56ae-b986-b466b2749572] does not support precompilation but is imported by a module that does.
└ @ Base loading.jl:947
┌ Warning: Module DataFrames with build ID 407718871750566 is missing from the cache.
│ This may mean DataFrames [a93c6f00-e57d-5684-b7b6-d8193f3e46c0] does not support precompilation but is imported by a module that does.
└ @ Base loading.jl:947
┌ Warning: Module JuMP with build ID 407732853843459 is missing from the cache.
│ This may mean JuMP [4076af6c-e467-56ae-b986-b466b2749572] does not support precompilation but is imported by a module that does.
└ @ Base loading.jl:947
┌ Warning: Module JuMP with build ID 407732853843459 is missing from the cache.
│ This may mean JuMP [4076af6c-e467-56ae-b986-b466b2749572] does not support precompilation but is imported by a module that does.
└ @ Base loading.jl:947
[ Info: reversing the orientation of branch 6 (4, 3) to be consistent with other parallel branches
[ Info: the voltage setpoint on generator 4 does not match the value at bus 4
[ Info: the voltage setpoint on generator 1 does not match the value at bus 1
[ Info: the voltage setpoint on generator 5 does not match the value at bus 10
[ Info: the voltage setpoint on generator 2 does not match the value at bus 1
[ Info: the voltage setpoint on generator 3 does not match the value at bus 3
[ Info: removing 1 cost terms from generator 4: [4000.0, 0.0]
[ Info: removing 1 cost terms from generator 1: [1400.0, 0.0]
[ Info: removing 1 cost terms from generator 5: [1000.0, 0.0]
[ Info: removing 1 cost terms from generator 2: [1500.0, 0.0]
[ Info: removing 1 cost terms from generator 3: [3000.0, 0.0]
[ Info: Reading bus data
[ Info: Reading load data
[ Info: Reading generator data
[ Info: Reading branch data
[ Info: There are no Load Zones data in this file
┌ Warning: key 'loadzone' not found in PowerSystems dictionary, this will result in an empty LoadZones array
└ @ PowerSystems ~/.julia/packages/PowerSystems/Biewz/src/parsers/dict_to_struct.jl:42
┌ Warning: key 'services' not found in PowerSystems dictionary, this will result in an empty services array
└ @ PowerSystems ~/.julia/packages/PowerSystems/Biewz/src/parsers/dict_to_struct.jl:57
┌ Warning: The angle limits provided is larger than 3π/2 radians.
│  PowerSystems inferred the data provided in degrees and will transform it to radians
└ @ PowerSystems ~/.julia/packages/PowerSystems/Biewz/src/utils/IO/branchdata_checks.jl:19
┌ Warning: The angle limits provided is larger than 3π/2 radians.
│  PowerSystems inferred the data provided in degrees and will transform it to radians
└ @ PowerSystems ~/.julia/packages/PowerSystems/Biewz/src/utils/IO/branchdata_checks.jl:19
┌ Warning: The angle limits provided is larger than 3π/2 radians.
│  PowerSystems inferred the data provided in degrees and will transform it to radians
└ @ PowerSystems ~/.julia/packages/PowerSystems/Biewz/src/utils/IO/branchdata_checks.jl:19
┌ Warning: The angle limits provided is larger than 3π/2 radians.
│  PowerSystems inferred the data provided in degrees and will transform it to radians
└ @ PowerSystems ~/.julia/packages/PowerSystems/Biewz/src/utils/IO/branchdata_checks.jl:19
┌ Warning: The angle limits provided is larger than 3π/2 radians.
│  PowerSystems inferred the data provided in degrees and will transform it to radians
└ @ PowerSystems ~/.julia/packages/PowerSystems/Biewz/src/utils/IO/branchdata_checks.jl:19

******************************************************************************
This program contains Ipopt, a library for large-scale nonlinear optimization.
 Ipopt is released as open source code under the Eclipse Public License (EPL).
         For more information visit http://projects.coin-or.org/Ipopt
******************************************************************************

[ Info: DC Flow
PowerSimulations.OpertationModelResults(Dict(:Pth=>25×5 DataFrame
│ Row │ 4       │ 1       │ 5       │ 2       │ 3       │
│     │ Float64 │ Float64 │ Float64 │ Float64 │ Float64 │
├─────┼─────────┼─────────┼─────────┼─────────┼─────────┤
│ 1   │ -0.0    │ 0.4     │ 4.6     │ 1.7     │ 3.3     │
│ 2   │ -0.0    │ 0.4     │ 4.6     │ 1.7     │ 3.3     │
│ 3   │ -0.0    │ 0.4     │ 4.6     │ 1.7     │ 3.3     │
│ 4   │ -0.0    │ 0.4     │ 4.6     │ 1.7     │ 3.3     │
│ 5   │ -0.0    │ 0.4     │ 4.6     │ 1.7     │ 3.3     │
│ 6   │ -0.0    │ 0.4     │ 4.6     │ 1.7     │ 3.3     │
│ 7   │ -0.0    │ 0.4     │ 4.6     │ 1.7     │ 3.3     │
│ 8   │ -0.0    │ 0.4     │ 4.6     │ 1.7     │ 3.3     │
│ 9   │ -0.0    │ 0.4     │ 4.6     │ 1.7     │ 3.3     │
│ 10  │ -0.0    │ 0.4     │ 4.6     │ 1.7     │ 3.3     │
│ 11  │ -0.0    │ 0.4     │ 4.6     │ 1.7     │ 3.3     │
│ 12  │ -0.0    │ 0.4     │ 4.6     │ 1.7     │ 3.3     │
│ 13  │ -0.0    │ 0.4     │ 4.6     │ 1.7     │ 3.3     │
│ 14  │ -0.0    │ 0.4     │ 4.6     │ 1.7     │ 3.3     │
│ 15  │ -0.0    │ 0.4     │ 4.6     │ 1.7     │ 3.3     │
│ 16  │ -0.0    │ 0.4     │ 4.6     │ 1.7     │ 3.3     │
│ 17  │ -0.0    │ 0.4     │ 4.6     │ 1.7     │ 3.3     │
│ 18  │ -0.0    │ 0.4     │ 4.6     │ 1.7     │ 3.3     │
│ 19  │ -0.0    │ 0.4     │ 4.6     │ 1.7     │ 3.3     │
│ 20  │ -0.0    │ 0.4     │ 4.6     │ 1.7     │ 3.3     │
│ 21  │ -0.0    │ 0.4     │ 4.6     │ 1.7     │ 3.3     │
│ 22  │ -0.0    │ 0.4     │ 4.6     │ 1.7     │ 3.3     │
│ 23  │ -0.0    │ 0.4     │ 4.6     │ 1.7     │ 3.3     │
│ 24  │ -0.0    │ 0.4     │ 4.6     │ 1.7     │ 3.3     │
│ 25  │ -0.0    │ 0.4     │ 4.6     │ 1.7     │ 3.3     │), Dict(:ED=>4.4033e5), Dict{Symbol,Any}(:dual_status=>FEASIBLE_POINT,:primal_status=>FEASIBLE_POINT,:termination_status=>LOCALLY_SOLVED))
	Command being timed: "julia --color=no --eval NO_INSTANTIATE=1 --load example-powersimulations.jl"
	User time (seconds): 98.14
	System time (seconds): 7.94
	Percent of CPU this job got: 107%
	Elapsed (wall clock) time (h:mm:ss or m:ss): 1:38.39
	Average shared text size (kbytes): 0
	Average unshared data size (kbytes): 0
	Average stack size (kbytes): 0
	Average total size (kbytes): 0
	Maximum resident set size (kbytes): 425504
	Average resident set size (kbytes): 0
	Major (requiring I/O) page faults: 14
	Minor (reclaiming a frame) page faults: 769773
	Voluntary context switches: 4264
	Involuntary context switches: 55970
	Swaps: 0
	File system inputs: 14872
	File system outputs: 2912
	Socket messages sent: 0
	Socket messages received: 0
	Signals delivered: 0
	Page size (bytes): 4096
	Exit status: 0
