    Status `~/Projects/Active/SIIP/tda-ps/simulations/environments/powermodels.env/Project.toml`
  [a93c6f00] DataFrames v0.18.2
  [1313f7d8] DataFramesMeta v0.4.1
  [b6b21f68] Ipopt v0.5.4
  [4076af6c] JuMP v0.18.5
  [c36e90e8] PowerModels v0.9.7
[warn | PowerModels]: reversing the orientation of branch 6 (4, 3) to be consistent with other parallel branches
[warn | PowerModels]: the voltage setpoint on generator 4 does not match the value at bus 4
[warn | PowerModels]: the voltage setpoint on generator 1 does not match the value at bus 1
[warn | PowerModels]: the voltage setpoint on generator 5 does not match the value at bus 10
[warn | PowerModels]: the voltage setpoint on generator 2 does not match the value at bus 1
[warn | PowerModels]: the voltage setpoint on generator 3 does not match the value at bus 3
[info | PowerModels]: removing 1 cost terms from generator 4: [4000.0, 0.0]
[info | PowerModels]: removing 1 cost terms from generator 1: [1400.0, 0.0]
[info | PowerModels]: removing 1 cost terms from generator 5: [1000.0, 0.0]
[info | PowerModels]: removing 1 cost terms from generator 2: [1500.0, 0.0]
[info | PowerModels]: removing 1 cost terms from generator 3: [3000.0, 0.0]

******************************************************************************
This program contains Ipopt, a library for large-scale nonlinear optimization.
 Ipopt is released as open source code under the Eclipse Public License (EPL).
         For more information visit http://projects.coin-or.org/Ipopt
******************************************************************************

This is Ipopt version 3.12.10, running with linear solver mumps.
NOTE: Other linear solvers might be more efficient (see Ipopt documentation).

Number of nonzeros in equality constraint Jacobian...:       41
Number of nonzeros in inequality constraint Jacobian.:       24
Number of nonzeros in Lagrangian Hessian.............:        0

Total number of variables............................:       17
                     variables with only lower bounds:        0
                variables with lower and upper bounds:       12
                     variables with only upper bounds:        0
Total number of equality constraints.................:       13
Total number of inequality constraints...............:       12
        inequality constraints with only lower bounds:        6
   inequality constraints with lower and upper bounds:        0
        inequality constraints with only upper bounds:        6

iter    objective    inf_pr   inf_du lg(mu)  ||d||  lg(rg) alpha_du alpha_pr  ls
   0  1.0059989e+02 3.99e+00 3.50e+01  -1.0 0.00e+00    -  0.00e+00 0.00e+00   0
   1  8.1126208e+03 2.48e+00 1.05e+02  -1.0 2.62e+00    -  3.99e-03 3.77e-01h  1
   2  5.2743212e+03 2.43e+00 1.03e+02  -1.0 5.39e+01    -  2.16e-02 2.10e-02f  1
   3  4.7518425e+03 2.40e+00 1.00e+02  -1.0 2.53e+01    -  1.94e-01 1.50e-02f  1
   4  6.9667240e+03 1.40e+00 5.87e+01  -1.0 7.33e+00    -  3.10e-01 4.16e-01h  1
   5  7.0639763e+03 1.38e+00 5.98e+01  -1.0 5.76e+00    -  1.16e-01 1.51e-02h  1
   6  7.8834058e+03 1.26e+00 5.39e+01  -1.0 1.14e+01    -  5.83e-02 8.88e-02h  1
   7  7.8932603e+03 1.25e+00 5.39e+01  -1.0 8.66e+00    -  2.61e-02 1.17e-03h  1
   8  1.1614611e+04 7.75e-01 3.33e+01  -1.0 3.27e+00    -  2.63e-03 3.82e-01h  1
   9  1.7633015e+04 3.11e-15 8.61e+00  -1.0 2.06e+00    -  8.67e-01 1.00e+00h  1
iter    objective    inf_pr   inf_du lg(mu)  ||d||  lg(rg) alpha_du alpha_pr  ls
  10  1.7628592e+04 8.88e-16 1.00e-06  -1.0 1.51e-02    -  1.00e+00 1.00e+00f  1
  11  1.7613991e+04 2.22e-15 2.55e-03  -2.5 2.99e-02    -  9.88e-01 1.00e+00f  1
  12  1.7613240e+04 2.22e-15 1.50e-09  -3.8 2.14e-03    -  1.00e+00 1.00e+00f  1
  13  1.7613216e+04 1.78e-15 1.84e-11  -5.7 5.16e-05    -  1.00e+00 1.00e+00f  1
  14  1.7613216e+04 8.88e-16 4.32e-13  -8.6 6.34e-07    -  1.00e+00 1.00e+00f  1

Number of Iterations....: 14

                                   (scaled)                 (unscaled)
Objective...............:   4.4033039345167094e+02    1.7613215738066836e+04
Dual infeasibility......:   4.3217907322597279e-13    1.7287162929038912e-11
Constraint violation....:   8.8817841970012523e-16    8.8817841970012523e-16
Complementarity.........:   2.5076941906708529e-09    1.0030776762683411e-07
Overall NLP error.......:   2.5076941906708529e-09    1.0030776762683411e-07


Number of objective function evaluations             = 15
Number of objective gradient evaluations             = 15
Number of equality constraint evaluations            = 15
Number of inequality constraint evaluations          = 15
Number of equality constraint Jacobian evaluations   = 15
Number of inequality constraint Jacobian evaluations = 15
Number of Lagrangian Hessian evaluations             = 14
Total CPU secs in IPOPT (w/o function evaluations)   =      0.111
Total CPU secs in NLP function evaluations           =      0.108

EXIT: Optimal Solution Found.
[warn | PowerModels]: there was an issue with getsolvetime() on the solver, falling back on @timed.  This is not a rigorous timing value.
[ Info: DC Flow
Dict{String,Any}("solve_time"=>1.71009,"status"=>:LocalOptimal,"objective"=>17613.2,"solver"=>"IpoptSolver","solution"=>Dict{String,Any}("baseMVA"=>100.0,"gen"=>Dict{String,Any}("4"=>Dict{String,Any}("qg"=>NaN,"pg"=>0.0),"1"=>Dict{String,Any}("qg"=>NaN,"pg"=>0.4),"5"=>Dict{String,Any}("qg"=>NaN,"pg"=>4.59839),"2"=>Dict{String,Any}("qg"=>NaN,"pg"=>1.7),"3"=>Dict{String,Any}("qg"=>NaN,"pg"=>3.30161)),"bus"=>Dict{String,Any}("4"=>Dict{String,Any}("va"=>0.0,"vm"=>1),"1"=>Dict{String,Any}("va"=>0.0577824,"vm"=>1),"10"=>Dict{String,Any}("va"=>0.0719928,"vm"=>1),"2"=>Dict{String,Any}("va"=>-0.0107996,"vm"=>1),"3"=>Dict{String,Any}("va"=>-0.00443448,"vm"=>1)),"per_unit"=>true),"data"=>Dict{String,Any}("name"=>"case5","bus_count"=>5,"branch_count"=>7),"machine"=>Dict("cpu"=>"Intel(R) Xeon(R) CPU E5-1650 v3 @ 3.50GHz","memory"=>"31.338275909423828 Gb"),"objective_lb"=>-Inf)4	Dict{String,Any}("va"=>0.0,"vm"=>1)
1	Dict{String,Any}("va"=>0.0577824,"vm"=>1)
10	Dict{String,Any}("va"=>0.0719928,"vm"=>1)
2	Dict{String,Any}("va"=>-0.0107996,"vm"=>1)
3	Dict{String,Any}("va"=>-0.00443448,"vm"=>1)
[ Info: AC Flow
[warn | PowerModels]: reversing the orientation of branch 6 (4, 3) to be consistent with other parallel branches
[warn | PowerModels]: the voltage setpoint on generator 4 does not match the value at bus 4
[warn | PowerModels]: the voltage setpoint on generator 1 does not match the value at bus 1
[warn | PowerModels]: the voltage setpoint on generator 5 does not match the value at bus 10
[warn | PowerModels]: the voltage setpoint on generator 2 does not match the value at bus 1
[warn | PowerModels]: the voltage setpoint on generator 3 does not match the value at bus 3
[info | PowerModels]: removing 1 cost terms from generator 4: [4000.0, 0.0]
[info | PowerModels]: removing 1 cost terms from generator 1: [1400.0, 0.0]
[info | PowerModels]: removing 1 cost terms from generator 5: [1000.0, 0.0]
[info | PowerModels]: removing 1 cost terms from generator 2: [1500.0, 0.0]
[info | PowerModels]: removing 1 cost terms from generator 3: [3000.0, 0.0]
This is Ipopt version 3.12.10, running with linear solver mumps.
NOTE: Other linear solvers might be more efficient (see Ipopt documentation).

Number of nonzeros in equality constraint Jacobian...:      179
Number of nonzeros in inequality constraint Jacobian.:       80
Number of nonzeros in Lagrangian Hessian.............:      308

Total number of variables............................:       48
                     variables with only lower bounds:        0
                variables with lower and upper bounds:       43
                     variables with only upper bounds:        0
Total number of equality constraints.................:       39
Total number of inequality constraints...............:       26
        inequality constraints with only lower bounds:        6
   inequality constraints with lower and upper bounds:        0
        inequality constraints with only upper bounds:       20

iter    objective    inf_pr   inf_du lg(mu)  ||d||  lg(rg) alpha_du alpha_pr  ls
   0  1.0059989e+02 3.99e+00 2.90e+01  -1.0 0.00e+00    -  0.00e+00 0.00e+00   0
   1  7.3218069e+03 2.65e+00 9.05e+01  -1.0 2.51e+00    -  4.09e-03 3.36e-01h  1
   2  6.0100223e+03 2.55e+00 8.69e+01  -1.0 1.61e+01    -  7.79e-02 3.92e-02f  1
   3  5.9074349e+03 2.46e+00 8.36e+01  -1.0 9.93e+00    -  3.31e-01 3.44e-02f  1
   4  5.7096170e+03 2.08e+00 7.05e+01  -1.0 9.92e+00    -  2.87e-01 1.55e-01f  1
   5  7.5872586e+03 1.37e+00 4.62e+01  -1.0 8.52e+00    -  4.50e-01 3.42e-01h  1
   6  7.6555522e+03 1.35e+00 4.57e+01  -1.0 7.50e+00    -  2.14e-02 1.06e-02h  1
   7  1.2218035e+04 7.72e-01 4.55e+01  -1.0 3.60e+00    -  9.98e-03 4.29e-01h  1
   8  1.4391890e+04 5.02e-01 9.29e+01  -1.0 2.80e+00    -  2.77e-02 3.49e-01h  1
   9  1.7161041e+04 1.45e-01 2.94e+01  -1.0 1.30e+00    -  9.54e-01 7.10e-01h  1
iter    objective    inf_pr   inf_du lg(mu)  ||d||  lg(rg) alpha_du alpha_pr  ls
  10  1.8340315e+04 9.28e-03 7.63e+01  -1.0 8.40e-01    -  1.30e-01 1.00e+00h  1
  11  1.8301441e+04 8.33e-03 8.55e-01  -1.0 1.64e+00    -  1.00e+00 1.00e+00f  1
  12  1.8275722e+04 3.77e-03 1.80e-01  -1.7 7.50e-01    -  1.00e+00 9.77e-01h  1
  13  1.8270178e+04 4.69e-05 9.43e-02  -2.5 1.98e-01    -  9.91e-01 1.00e+00h  1
  14  1.8270088e+04 4.49e-06 3.88e-02  -2.5 5.40e-02    -  1.00e+00 1.00e+00h  1
  15  1.8270119e+04 3.40e-08 1.96e-03  -2.5 2.60e-03    -  1.00e+00 1.00e+00h  1
  16  1.8269149e+04 2.06e-06 1.43e-03  -3.8 3.21e-02    -  1.00e+00 1.00e+00f  1
  17  1.8269110e+04 1.33e-06 3.88e+00  -5.7 5.31e-03    -  1.00e+00 8.05e-01h  1
  18  1.8269103e+04 4.79e-07 8.53e-03  -5.7 2.80e-03    -  1.00e+00 1.00e+00f  1
  19  1.8269103e+04 6.02e-10 7.22e-04  -5.7 3.80e-04    -  1.00e+00 1.00e+00h  1
iter    objective    inf_pr   inf_du lg(mu)  ||d||  lg(rg) alpha_du alpha_pr  ls
  20  1.8269103e+04 6.37e-12 2.22e-07  -5.7 3.90e-05    -  1.00e+00 1.00e+00h  1
  21  1.8269103e+04 7.54e-10 1.80e-02  -8.6 1.04e-04    -  1.00e+00 9.89e-01h  1
  22  1.8269103e+04 5.88e-14 3.34e-08  -8.6 3.36e-06    -  1.00e+00 1.00e+00f  1
  23  1.8269103e+04 3.53e-14 1.82e-12  -8.6 4.34e-10    -  1.00e+00 1.00e+00h  1

Number of Iterations....: 23

                                   (scaled)                 (unscaled)
Objective...............:   4.5672756939779833e+02    1.8269102775911932e+04
Dual infeasibility......:   1.8212342489796856e-12    7.2849369959187423e-11
Constraint violation....:   3.5305092183079978e-14    3.5305092183079978e-14
Complementarity.........:   2.5059041176342932e-09    1.0023616470537173e-07
Overall NLP error.......:   2.5059041176342932e-09    1.0023616470537173e-07


Number of objective function evaluations             = 24
Number of objective gradient evaluations             = 24
Number of equality constraint evaluations            = 24
Number of inequality constraint evaluations          = 24
Number of equality constraint Jacobian evaluations   = 24
Number of inequality constraint Jacobian evaluations = 24
Number of Lagrangian Hessian evaluations             = 23
Total CPU secs in IPOPT (w/o function evaluations)   =      0.135
Total CPU secs in NLP function evaluations           =      0.025

EXIT: Optimal Solution Found.
[warn | PowerModels]: there was an issue with getsolvetime() on the solver, falling back on @timed.  This is not a rigorous timing value.
Dict{String,Any}("solve_time"=>3.26648,"status"=>:LocalOptimal,"objective"=>18269.1,"solver"=>"IpoptSolver","solution"=>Dict{String,Any}("baseMVA"=>100.0,"gen"=>Dict{String,Any}("4"=>Dict{String,Any}("qg"=>-0.12663,"pg"=>0.0),"1"=>Dict{String,Any}("qg"=>0.3,"pg"=>0.4),"5"=>Dict{String,Any}("qg"=>-1.37743,"pg"=>4.38349),"2"=>Dict{String,Any}("qg"=>1.275,"pg"=>1.7),"3"=>Dict{String,Any}("qg"=>3.9,"pg"=>3.59187)),"bus"=>Dict{String,Any}("4"=>Dict{String,Any}("va"=>0.0,"vm"=>0.9),"1"=>Dict{String,Any}("va"=>0.0712169,"vm"=>0.912979),"10"=>Dict{String,Any}("va"=>0.0876477,"vm"=>0.904588),"2"=>Dict{String,Any}("va"=>-0.00103676,"vm"=>0.911321),"3"=>Dict{String,Any}("va"=>0.00874518,"vm"=>0.926759)),"per_unit"=>true),"data"=>Dict{String,Any}("name"=>"case5","bus_count"=>5,"branch_count"=>7),"machine"=>Dict("cpu"=>"Intel(R) Xeon(R) CPU E5-1650 v3 @ 3.50GHz","memory"=>"31.338275909423828 Gb"),"objective_lb"=>-Inf)4	Dict{String,Any}("va"=>0.0,"vm"=>0.9)
1	Dict{String,Any}("va"=>0.0712169,"vm"=>0.912979)
10	Dict{String,Any}("va"=>0.0876477,"vm"=>0.904588)
2	Dict{String,Any}("va"=>-0.00103676,"vm"=>0.911321)
3	Dict{String,Any}("va"=>0.00874518,"vm"=>0.926759)
4	Dict{String,Any}("qg"=>-0.12663,"pg"=>0.0)
1	Dict{String,Any}("qg"=>0.3,"pg"=>0.4)
5	Dict{String,Any}("qg"=>-1.37743,"pg"=>4.38349)
2	Dict{String,Any}("qg"=>1.275,"pg"=>1.7)
3	Dict{String,Any}("qg"=>3.9,"pg"=>3.59187)
