  Updating registry at `~/.julia/registries/General`
  Updating git-repo `https://github.com/JuliaRegistries/General.git`
[?25l[2K[?25h    Status `~/Projects/Active/tda/tda-ps/simulations/environments/powermodels.env/Project.toml`
  [336ed68f] CSV v0.5.2
  [159f3aea] Cairo v0.6.0
  [a93c6f00] DataFrames v0.18.2
  [1313f7d8] DataFramesMeta v0.4.1
  [e2685f51] ECOS v0.9.4
  [186bb1d3] Fontconfig v0.2.0
  [60bf3e95] GLPK v0.10.0
  [c91e804a] Gadfly v1.0.1
  [b6b21f68] Ipopt v0.5.4
  [4076af6c] JuMP v0.18.5
  [c36e90e8] PowerModels v0.9.7
  [9e3dc215] TimeSeries v0.14.1
[ Info: Loading DataFrames support into Gadfly.jl
[info | PowerModels]: removing 3 cost terms from generator 32: Float64[]
[info | PowerModels]: removing 1 cost terms from generator 29: [86.5713, 0.0]
[info | PowerModels]: removing 3 cost terms from generator 1: Float64[]
[info | PowerModels]: removing 3 cost terms from generator 54: Float64[]
[info | PowerModels]: removing 3 cost terms from generator 2: Float64[]
[info | PowerModels]: removing 3 cost terms from generator 41: Float64[]
[info | PowerModels]: removing 1 cost terms from generator 51: [120.089, 0.0]
[info | PowerModels]: removing 3 cost terms from generator 53: Float64[]
[info | PowerModels]: removing 3 cost terms from generator 27: Float64[]
[info | PowerModels]: removing 3 cost terms from generator 42: Float64[]
[info | PowerModels]: removing 3 cost terms from generator 33: Float64[]
[info | PowerModels]: removing 1 cost terms from generator 28: [96.9762, 0.0]
[info | PowerModels]: removing 3 cost terms from generator 50: Float64[]
[info | PowerModels]: removing 3 cost terms from generator 52: Float64[]
[info | PowerModels]: removing 1 cost terms from generator 26: [124.521, 0.0]
[info | PowerModels]: removing 3 cost terms from generator 10: Float64[]
[info | PowerModels]: removing 3 cost terms from generator 24: Float64[]
[info | PowerModels]: removing 1 cost terms from generator 25: [142.621, 0.0]
[info | PowerModels]: removing 3 cost terms from generator 23: Float64[]
[info | PowerModels]: removing 3 cost terms from generator 49: Float64[]
[info | PowerModels]: removing 1 cost terms from generator 5: [146.339, 0.0]
[info | PowerModels]: removing 3 cost terms from generator 31: Float64[]
[info | PowerModels]: removing 3 cost terms from generator 43: Float64[]
[info | PowerModels]: removing 1 cost terms from generator 39: [138.118, 0.0]
[info | PowerModels]: removing 3 cost terms from generator 34: Float64[]
[info | PowerModels]: removing 3 cost terms from generator 44: Float64[]
[info | PowerModels]: removing 3 cost terms from generator 17: Float64[]
[info | PowerModels]: removing 1 cost terms from generator 37: [100.664, 0.0]
[info | PowerModels]: removing 3 cost terms from generator 47: Float64[]
[info | PowerModels]: removing 3 cost terms from generator 9: Float64[]
[info | PowerModels]: removing 1 cost terms from generator 12: [111.812, 0.0]
[info | PowerModels]: removing 1 cost terms from generator 20: [151.379, 0.0]
[info | PowerModels]: removing 1 cost terms from generator 6: [88.9054, 0.0]
[info | PowerModels]: removing 1 cost terms from generator 14: [81.4446, 0.0]
[info | PowerModels]: removing 3 cost terms from generator 7: Float64[]
[info | PowerModels]: removing 3 cost terms from generator 8: Float64[]
[info | PowerModels]: removing 3 cost terms from generator 19: Float64[]
[info | PowerModels]: removing 3 cost terms from generator 4: Float64[]
[info | PowerModels]: removing 1 cost terms from generator 22: [132.471, 0.0]
[info | PowerModels]: removing 1 cost terms from generator 11: [92.9688, 0.0]
[info | PowerModels]: removing 3 cost terms from generator 35: Float64[]
[info | PowerModels]: removing 3 cost terms from generator 13: Float64[]
[info | PowerModels]: removing 3 cost terms from generator 15: Float64[]
[info | PowerModels]: removing 3 cost terms from generator 16: Float64[]
[info | PowerModels]: removing 1 cost terms from generator 40: [79.3496, 0.0]
[info | PowerModels]: removing 1 cost terms from generator 21: [107.141, 0.0]
[info | PowerModels]: removing 3 cost terms from generator 38: Float64[]
[info | PowerModels]: removing 1 cost terms from generator 46: [69.1193, 0.0]
[info | PowerModels]: removing 1 cost terms from generator 45: [106.656, 0.0]
[info | PowerModels]: removing 3 cost terms from generator 36: Float64[]
[info | PowerModels]: removing 3 cost terms from generator 48: Float64[]
[info | PowerModels]: removing 3 cost terms from generator 18: Float64[]
[info | PowerModels]: removing 1 cost terms from generator 30: [51.8513, 0.0]
[info | PowerModels]: removing 3 cost terms from generator 3: Float64[]

******************************************************************************
This program contains Ipopt, a library for large-scale nonlinear optimization.
 Ipopt is released as open source code under the Eclipse Public License (EPL).
         For more information visit http://projects.coin-or.org/Ipopt
******************************************************************************

This is Ipopt version 3.12.10, running with linear solver mumps.
NOTE: Other linear solvers might be more efficient (see Ipopt documentation).

Number of nonzeros in equality constraint Jacobian...:     4566
Number of nonzeros in inequality constraint Jacobian.:     2204
Number of nonzeros in Lagrangian Hessian.............:     8198

Total number of variables............................:     1053
                     variables with only lower bounds:        0
                variables with lower and upper bounds:      935
                     variables with only upper bounds:        0
Total number of equality constraints.................:      981
Total number of inequality constraints...............:      730
        inequality constraints with only lower bounds:      179
   inequality constraints with lower and upper bounds:        0
        inequality constraints with only upper bounds:      551

iter    objective    inf_pr   inf_du lg(mu)  ||d||  lg(rg) alpha_du alpha_pr  ls
   0  1.7622749e+01 2.76e+00 1.54e+01  -1.0 0.00e+00    -  0.00e+00 0.00e+00   0
   1  1.1741652e+03 2.03e+00 8.63e+01  -1.0 2.95e+00    -  3.46e-03 2.66e-01h  1
   2  1.2690351e+03 1.93e+00 8.20e+01  -1.0 1.25e+01    -  4.27e-02 4.94e-02h  1
   3  1.3745602e+03 1.81e+00 7.70e+01  -1.0 1.27e+01    -  1.35e-01 6.00e-02h  1
   4  1.5057671e+03 1.67e+00 7.07e+01  -1.0 1.28e+01    -  4.28e-01 7.71e-02h  1
   5  1.8267721e+03 1.34e+00 5.59e+01  -1.0 1.23e+01    -  6.37e-01 1.97e-01h  1
   6  2.0513483e+03 1.13e+00 4.75e+01  -1.0 1.83e+01    -  4.40e-01 1.55e-01h  1
   7  2.4995294e+03 7.66e-01 3.23e+01  -1.0 1.29e+01    -  1.80e-01 3.23e-01h  1
   8  2.7851881e+03 5.75e-01 2.53e+01  -1.0 6.20e+00    -  6.43e-01 2.50e-01h  1
   9  3.1582723e+03 3.38e-01 1.50e+01  -1.0 4.84e+00    -  5.82e-01 4.12e-01h  1
iter    objective    inf_pr   inf_du lg(mu)  ||d||  lg(rg) alpha_du alpha_pr  ls
  10  3.4568476e+03 1.56e-01 7.11e+00  -1.0 3.47e+00    -  8.54e-01 5.37e-01h  1
  11  3.5962431e+03 7.35e-02 4.59e+00  -1.0 2.70e+00    -  1.00e+00 5.30e-01h  1
  12  3.6852361e+03 2.23e-02 2.45e+00  -1.0 1.46e+00    -  1.00e+00 6.96e-01h  1
  13  3.7266450e+03 5.81e-04 3.07e-01  -1.0 8.02e-01    -  1.00e+00 1.00e+00h  1
  14  3.7213663e+03 1.24e-03 1.30e-01  -1.7 4.70e-01    -  9.96e-01 9.77e-01f  1
  15  3.7196729e+03 9.01e-04 1.32e+00  -2.5 4.60e-01    -  7.46e-01 6.53e-01f  1
  16  3.7189286e+03 4.79e-03 1.44e+00  -2.5 2.41e-01    -  1.00e+00 8.21e-01h  1
  17  3.7188531e+03 3.89e-04 3.60e-01  -2.5 1.13e-01    -  8.77e-01 1.00e+00h  1
  18  3.7188684e+03 1.96e-06 9.94e-05  -2.5 1.17e-02    -  1.00e+00 1.00e+00h  1
  19  3.7187361e+03 7.07e-05 7.61e-01  -3.8 7.96e-02    -  9.45e-01 5.53e-01f  1
iter    objective    inf_pr   inf_du lg(mu)  ||d||  lg(rg) alpha_du alpha_pr  ls
  20  3.7186451e+03 4.86e-05 9.49e-01  -3.8 3.89e-02    -  7.73e-01 1.00e+00h  1
  21  3.7186477e+03 3.10e-06 1.06e-04  -3.8 1.75e-02    -  1.00e+00 1.00e+00h  1
  22  3.7186372e+03 3.35e-06 1.44e-02  -5.7 1.67e-02    -  9.50e-01 9.31e-01h  1
  23  3.7186365e+03 4.95e-07 4.96e-02  -5.7 6.51e-03    -  1.00e+00 9.81e-01h  1
  24  3.7186365e+03 7.69e-08 4.66e-04  -5.7 1.54e-03    -  1.00e+00 1.00e+00f  1
  25  3.7186365e+03 1.10e-08 3.25e-06  -5.7 6.29e-04    -  1.00e+00 1.00e+00h  1
  26  3.7186363e+03 1.43e-08 3.36e-01  -8.6 7.22e-04    -  9.99e-01 8.80e-01h  1
  27  3.7186363e+03 4.72e-09 2.60e-05  -8.6 4.05e-04    -  1.00e+00 1.00e+00h  1
  28  3.7186363e+03 5.73e-10 1.86e-08  -8.6 1.44e-04    -  1.00e+00 1.00e+00h  1
  29  3.7186363e+03 3.46e-11 1.12e-09  -9.0 3.53e-05    -  1.00e+00 1.00e+00h  1

Number of Iterations....: 29

                                   (scaled)                 (unscaled)
Objective...............:   2.4565041492097894e+03    3.7186363290405852e+03
Dual infeasibility......:   1.1222488545685508e-09    1.6988513380550353e-09
Constraint violation....:   3.4579117347277588e-11    3.4579117347277588e-11
Complementarity.........:   2.1727185303693074e-09    3.2890439295248145e-09
Overall NLP error.......:   2.1727185303693074e-09    3.2890439295248145e-09


Number of objective function evaluations             = 30
Number of objective gradient evaluations             = 30
Number of equality constraint evaluations            = 30
Number of inequality constraint evaluations          = 30
Number of equality constraint Jacobian evaluations   = 30
Number of inequality constraint Jacobian evaluations = 30
Number of Lagrangian Hessian evaluations             = 29
Total CPU secs in IPOPT (w/o function evaluations)   =      0.281
Total CPU secs in NLP function evaluations           =      0.140

EXIT: Optimal Solution Found.
[warn | PowerModels]: there was an issue with getsolvetime() on the solver, falling back on @timed.  This is not a rigorous timing value.
This is Ipopt version 3.12.10, running with linear solver mumps.
NOTE: Other linear solvers might be more efficient (see Ipopt documentation).

Number of nonzeros in equality constraint Jacobian...:     4542
Number of nonzeros in inequality constraint Jacobian.:     2192
Number of nonzeros in Lagrangian Hessian.............:     8154

Total number of variables............................:     1049
                     variables with only lower bounds:        0
                variables with lower and upper bounds:      931
                     variables with only upper bounds:        0
Total number of equality constraints.................:      977
Total number of inequality constraints...............:      726
        inequality constraints with only lower bounds:      178
   inequality constraints with lower and upper bounds:        0
        inequality constraints with only upper bounds:      548

iter    objective    inf_pr   inf_du lg(mu)  ||d||  lg(rg) alpha_du alpha_pr  ls
   0  1.7622749e+01 2.76e+00 1.54e+01  -1.0 0.00e+00    -  0.00e+00 0.00e+00   0
   1  1.1740818e+03 2.03e+00 8.63e+01  -1.0 2.96e+00    -  3.46e-03 2.66e-01h  1
   2  1.2669609e+03 1.93e+00 8.22e+01  -1.0 1.25e+01    -  4.27e-02 4.76e-02h  1
   3  1.3738210e+03 1.81e+00 7.72e+01  -1.0 1.27e+01    -  1.35e-01 5.96e-02h  1
   4  1.5105973e+03 1.67e+00 7.08e+01  -1.0 1.28e+01    -  4.28e-01 7.89e-02h  1
   5  1.8312800e+03 1.34e+00 5.60e+01  -1.0 1.24e+01    -  6.38e-01 1.97e-01h  1
   6  2.0529905e+03 1.13e+00 4.76e+01  -1.0 1.83e+01    -  4.41e-01 1.55e-01h  1
   7  2.5026744e+03 7.66e-01 3.20e+01  -1.0 1.30e+01    -  2.16e-01 3.25e-01h  1
   8  2.8009912e+03 5.66e-01 2.49e+01  -1.0 6.19e+00    -  6.42e-01 2.62e-01h  1
   9  3.1656421e+03 3.34e-01 1.50e+01  -1.0 4.79e+00    -  6.33e-01 4.09e-01h  1
iter    objective    inf_pr   inf_du lg(mu)  ||d||  lg(rg) alpha_du alpha_pr  ls
  10  3.4622939e+03 1.54e-01 7.01e+00  -1.0 3.47e+00    -  8.30e-01 5.38e-01h  1
  11  3.6012148e+03 7.17e-02 4.55e+00  -1.0 2.67e+00    -  1.00e+00 5.35e-01h  1
  12  3.6878824e+03 2.19e-02 2.48e+00  -1.0 1.44e+00    -  1.00e+00 6.94e-01h  1
  13  3.7285441e+03 5.57e-04 2.86e-01  -1.0 7.66e-01    -  1.00e+00 1.00e+00h  1
  14  3.7232208e+03 1.23e-03 1.32e-01  -1.7 4.63e-01    -  9.96e-01 9.77e-01f  1
  15  3.7214994e+03 9.24e-04 1.35e+00  -2.5 4.53e-01    -  7.47e-01 6.52e-01f  1
  16  3.7207377e+03 4.54e-03 1.43e+00  -2.5 2.38e-01    -  1.00e+00 8.24e-01h  1
  17  3.7206762e+03 1.92e-04 8.79e-02  -2.5 1.02e-01    -  9.39e-01 9.59e-01h  1
  18  3.7206956e+03 9.28e-06 4.62e-04  -2.5 2.10e-02    -  1.00e+00 1.00e+00h  1
  19  3.7205223e+03 3.20e-05 4.03e-01  -3.8 7.39e-02    -  9.44e-01 7.36e-01f  1
iter    objective    inf_pr   inf_du lg(mu)  ||d||  lg(rg) alpha_du alpha_pr  ls
  20  3.7204890e+03 1.09e-05 8.83e-01  -3.8 3.11e-02    -  9.84e-01 6.72e-01h  1
  21  3.7204740e+03 2.88e-06 2.34e-04  -3.8 1.96e-02    -  1.00e+00 1.00e+00f  1
  22  3.7204641e+03 1.30e-06 3.81e-02  -5.7 1.31e-02    -  9.77e-01 9.09e-01h  1
  23  3.7204632e+03 2.75e-07 7.30e-02  -5.7 5.27e-03    -  1.00e+00 9.67e-01h  1
  24  3.7204632e+03 2.16e-08 5.79e-04  -5.7 1.04e-03    -  1.00e+00 1.00e+00f  1
  25  3.7204632e+03 2.80e-09 1.71e-06  -5.7 2.87e-04    -  1.00e+00 1.00e+00h  1
  26  3.7204631e+03 3.17e-09 3.37e-01  -8.6 4.24e-04    -  1.00e+00 8.80e-01h  1
  27  3.7204631e+03 6.30e-10 2.57e-05  -8.6 1.35e-04    -  1.00e+00 1.00e+00f  1
  28  3.7204631e+03 1.15e-11 1.50e-08  -8.6 1.84e-05    -  1.00e+00 1.00e+00h  1
  29  3.7204631e+03 3.65e-14 2.84e-10  -9.0 9.56e-07    -  1.00e+00 1.00e+00h  1

Number of Iterations....: 29

                                   (scaled)                 (unscaled)
Objective...............:   2.4577108741827824e+03    3.7204630596509023e+03
Dual infeasibility......:   2.8434488010520217e-10    4.3043900474421417e-10
Constraint violation....:   3.6516796531049778e-14    3.6516796531049778e-14
Complementarity.........:   9.1338983725667731e-10    1.3826822285204599e-09
Overall NLP error.......:   9.1338983725667731e-10    1.3826822285204599e-09


Number of objective function evaluations             = 30
Number of objective gradient evaluations             = 30
Number of equality constraint evaluations            = 30
Number of inequality constraint evaluations          = 30
Number of equality constraint Jacobian evaluations   = 30
Number of inequality constraint Jacobian evaluations = 30
Number of Lagrangian Hessian evaluations             = 29
Total CPU secs in IPOPT (w/o function evaluations)   =      0.148
Total CPU secs in NLP function evaluations           =      0.111

EXIT: Optimal Solution Found.
[warn | PowerModels]: there was an issue with getsolvetime() on the solver, falling back on @timed.  This is not a rigorous timing value.
Dict{String,Any}("solve_time"=>4.81439,"status"=>:LocalOptimal,"objective"=>3718.64,"solver"=>"IpoptSolver","solution"=>Dict{String,Any}("baseMVA"=>100.0,"gen"=>Dict{String,Any}("32"=>Dict{String,Any}("qg"=>-0.0183533,"pg"=>0.0),"29"=>Dict{String,Any}("qg"=>-0.67,"pg"=>8.29471),"1"=>Dict{String,Any}("qg"=>0.15,"pg"=>0.0),"54"=>Dict{String,Any}("qg"=>-0.198635,"pg"=>0.0),"2"=>Dict{String,Any}("qg"=>0.484195,"pg"=>0.0),"41"=>Dict{String,Any}("qg"=>0.762137,"pg"=>0.0),"51"=>Dict{String,Any}("qg"=>0.0317286,"pg"=>0.0),"53"=>Dict{String,Any}("qg"=>-0.0398735,"pg"=>0.0),"27"=>Dict{String,Any}("qg"=>-0.2,"pg"=>0.0),"42"=>Dict{String,Any}("qg"=>-0.0892424,"pg"=>0.0),"33"=>Dict{String,Any}("qg"=>0.0503625,"pg"=>0.0),"28"=>Dict{String,Any}("qg"=>1.19803,"pg"=>2.95338),"50"=>Dict{String,Any}("qg"=>0.23,"pg"=>0.0),"52"=>Dict{String,Any}("qg"=>0.163992,"pg"=>0.0),"26"=>Dict{String,Any}("qg"=>1.24578,"pg"=>0.0),"10"=>Dict{String,Any}("qg"=>0.0936482,"pg"=>0.0),"24"=>Dict{String,Any}("qg"=>0.15,"pg"=>0.0),"25"=>Dict{String,Any}("qg"=>1.41,"pg"=>0.0),"23"=>Dict{String,Any}("qg"=>0.23,"pg"=>0.0),"49"=>Dict{String,Any}("qg"=>0.0700482,"pg"=>0.0),"5"=>Dict{String,Any}("qg"=>-1.45353,"pg"=>0.0),"31"=>Dict{String,Any}("qg"=>0.32,"pg"=>0.0),"43"=>Dict{String,Any}("qg"=>-0.03,"pg"=>0.0),"39"=>Dict{String,Any}("qg"=>0.04,"pg"=>0.0),"34"=>Dict{String,Any}("qg"=>0.09,"pg"=>0.0),"44"=>Dict{String,Any}("qg"=>-0.00196484,"pg"=>0.0),"17"=>Dict{String,Any}("qg"=>0.24,"pg"=>0.0),"37"=>Dict{String,Any}("qg"=>-0.00215526,"pg"=>4.45771),"47"=>Dict{String,Any}("qg"=>0.23,"pg"=>0.0),"9"=>Dict{String,Any}("qg"=>0.24,"pg"=>0.0),"12"=>Dict{String,Any}("qg"=>-0.250578,"pg"=>2.86801),"20"=>Dict{String,Any}("qg"=>0.0772032,"pg"=>0.0),"6"=>Dict{String,Any}("qg"=>0.578379,"pg"=>2.87),"14"=>Dict{String,Any}("qg"=>0.12,"pg"=>0.23),"7"=>Dict{String,Any}("qg"=>0.3,"pg"=>0.0),"8"=>Dict{String,Any}("qg"=>0.43328,"pg"=>0.0),"19"=>Dict{String,Any}("qg"=>0.263213,"pg"=>0.0),"4"=>Dict{String,Any}("qg"=>-0.718773,"pg"=>0.0),"22"=>Dict{String,Any}("qg"=>0.557058,"pg"=>0.0),"11"=>Dict{String,Any}("qg"=>-0.47,"pg"=>2.67),"35"=>Dict{String,Any}("qg"=>0.23,"pg"=>0.0),"13"=>Dict{String,Any}("qg"=>0.304801,"pg"=>0.0),"15"=>Dict{String,Any}("qg"=>0.359788,"pg"=>0.0),"16"=>Dict{String,Any}("qg"=>0.24,"pg"=>0.0),"40"=>Dict{String,Any}("qg"=>-0.31563,"pg"=>5.68006),"21"=>Dict{String,Any}("qg"=>-0.110103,"pg"=>2.32),"38"=>Dict{String,Any}("qg"=>0.23,"pg"=>0.0),"46"=>Dict{String,Any}("qg"=>0.29959,"pg"=>0.98),"45"=>Dict{String,Any}("qg"=>0.498019,"pg"=>1.86388),"36"=>Dict{String,Any}("qg"=>0.7,"pg"=>0.0),"48"=>Dict{String,Any}("qg"=>0.23,"pg"=>0.0),"18"=>Dict{String,Any}("qg"=>0.49943,"pg"=>0.0),"30"=>Dict{String,Any}("qg"=>-1.14523,"pg"=>8.81),"3"=>Dict{String,Any}("qg"=>0.27255,"pg"=>0.0)),"branch"=>Dict{String,Any}("1"=>Dict{String,Any}("qf"=>-0.0494543,"qt"=>0.0288867,"pf"=>-0.268152,"pt"=>0.27023),"54"=>Dict{String,Any}("qf"=>0.194968,"qt"=>-0.608494,"pf"=>-0.561424,"pt"=>0.563573),"101"=>Dict{String,Any}("qf"=>0.207671,"qt"=>-0.174795,"pf"=>-0.757645,"pt"=>0.772361),"41"=>Dict{String,Any}("qf"=>-0.212309,"qt"=>0.215303,"pf"=>1.11439,"pt"=>-1.0782),"65"=>Dict{String,Any}("qf"=>-0.0465954,"qt"=>0.0301788,"pf"=>-0.0620932,"pt"=>0.0621909),"168"=>Dict{String,Any}("qf"=>-0.0771502,"qt"=>0.0777222,"pf"=>0.558691,"pt"=>-0.555759),"159"=>Dict{String,Any}("qf"=>-0.0176657,"qt"=>-0.0058829,"pf"=>-0.0713157,"pt"=>0.071399),"88"=>Dict{String,Any}("qf"=>0.0922467,"qt"=>-0.0820471,"pf"=>-0.616147,"pt"=>0.627467),"26"=>Dict{String,Any}("qf"=>0.042311,"qt"=>-0.0533195,"pf"=>-0.0214694,"pt"=>0.0214994),"77"=>Dict{String,Any}("qf"=>-0.0334245,"qt"=>0.0133456,"pf"=>0.0854401,"pt"=>-0.0853104),"24"=>Dict{String,Any}("qf"=>0.0749699,"qt"=>-0.0869182,"pf"=>0.0892808,"pt"=>-0.0891335),"23"=>Dict{String,Any}("qf"=>-0.0111108,"qt"=>0.0183101,"pf"=>0.694562,"pt"=>-0.689281),"160"=>Dict{String,Any}("qf"=>0.15339,"qt"=>-0.183321,"pf"=>-0.149641,"pt"=>0.150936),"149"=>Dict{String,Any}("qf"=>0.0142164,"qt"=>-0.0722564,"pf"=>-0.00329189,"pt"=>0.00332048),"59"=>Dict{String,Any}("qf"=>0.161553,"qt"=>-0.193066,"pf"=>-0.311249,"pt"=>0.318974),"184"=>Dict{String,Any}("qf"=>0.0459214,"qt"=>-0.08,"pf"=>0.201314,"pt"=>-0.2),"43"=>Dict{String,Any}("qf"=>-0.060684,"qt"=>0.0410566,"pf"=>0.125925,"pt"=>-0.125537),"122"=>Dict{String,Any}("qf"=>-0.0593811,"qt"=>0.0528563,"pf"=>-0.136924,"pt"=>0.137034),"175"=>Dict{String,Any}("qf"=>-0.0787002,"qt"=>0.063768,"pf"=>0.286131,"pt"=>-0.283845),"39"=>Dict{String,Any}("qf"=>0.168822,"qt"=>-0.207063,"pf"=>-0.0559757,"pt"=>0.0576507),"143"=>Dict{String,Any}("qf"=>0.0101936,"qt"=>-0.0444679,"pf"=>-0.105502,"pt"=>0.105925),"112"=>Dict{String,Any}("qf"=>-0.15097,"qt"=>0.127545,"pf"=>0.361309,"pt"=>-0.355206),"34"=>Dict{String,Any}("qf"=>0.0159022,"qt"=>-0.0299084,"pf"=>0.341186,"pt"=>-0.339119),"137"=>Dict{String,Any}("qf"=>0.0079412,"qt"=>0.0244722,"pf"=>-0.910958,"pt"=>0.921478),"55"=>Dict{String,Any}("qf"=>0.0266611,"qt"=>-0.042035,"pf"=>0.138308,"pt"=>-0.137958),"17"=>Dict{String,Any}("qf"=>0.00223827,"qt"=>-0.021406,"pf"=>0.135717,"pt"=>-0.135361),"9"=>Dict{String,Any}("qf"=>0.122294,"qt"=>-1.45353,"pf"=>0.00151888,"pt"=>-9.94509e-9),"172"=>Dict{String,Any}("qf"=>-0.0640541,"qt"=>0.0247897,"pf"=>0.239826,"pt"=>-0.236856),"12"=>Dict{String,Any}("qf"=>-0.21005,"qt"=>0.216048,"pf"=>-0.781809,"pt"=>0.785328),"20"=>Dict{String,Any}("qf"=>0.0639228,"qt"=>-0.0871967,"pf"=>0.0499841,"pt"=>-0.0498282),"14"=>Dict{String,Any}("qf"=>-0.0678218,"qt"=>0.0354187,"pf"=>-0.284519,"pt"=>0.288244),"167"=>Dict{String,Any}("qf"=>-0.0329031,"qt"=>0.0428345,"pf"=>0.610708,"pt"=>-0.590369),"127"=>Dict{String,Any}("qf"=>0.734672,"qt"=>-0.717055,"pf"=>-0.144308,"pt"=>0.144308),"96"=>Dict{String,Any}("qf"=>-0.0588627,"qt"=>-0.201395,"pf"=>-2.88752,"pt"=>2.96316),"123"=>Dict{String,Any}("qf"=>-0.119446,"qt"=>0.0883202,"pf"=>-0.682573,"pt"=>0.689976),"177"=>Dict{String,Any}("qf"=>-0.0687589,"qt"=>0.0339919,"pf"=>0.691306,"pt"=>-0.68),"19"=>Dict{String,Any}("qf"=>0.011406,"qt"=>-0.0667881,"pf"=>-0.00463861,"pt"=>0.0047226),"179"=>Dict{String,Any}("qf"=>-0.156227,"qt"=>0.10902,"pf"=>0.19081,"pt"=>-0.187821),"35"=>Dict{String,Any}("qf"=>-0.0400916,"qt"=>0.0173061,"pf"=>0.169119,"pt"=>-0.168468),"131"=>Dict{String,Any}("qf"=>-0.00297062,"qt"=>-0.0214149,"pf"=>-0.31278,"pt"=>0.316699),"21"=>Dict{String,Any}("qf"=>0.0114853,"qt"=>-0.0284144,"pf"=>-0.903813,"pt"=>0.913619),"83"=>Dict{String,Any}("qf"=>-0.182151,"qt"=>0.174889,"pf"=>0.337364,"pt"=>-0.333649),"45"=>Dict{String,Any}("qf"=>-0.018443,"qt"=>-0.044367,"pf"=>-0.178745,"pt"=>0.180951),"139"=>Dict{String,Any}("qf"=>-0.171329,"qt"=>0.160383,"pf"=>1.09333,"pt"=>-1.06774),"181"=>Dict{String,Any}("qf"=>0.00681403,"qt"=>-0.0250703,"pf"=>0.210203,"pt"=>-0.20953),"85"=>Dict{String,Any}("qf"=>-0.117404,"qt"=>0.0681437,"pf"=>-0.192117,"pt"=>0.195735),"30"=>Dict{String,Any}("qf"=>-0.0047653,"qt"=>-0.0420411,"pf"=>-0.43831,"pt"=>0.44066),"105"=>Dict{String,Any}("qf"=>0.130049,"qt"=>-0.0461957,"pf"=>-0.757071,"pt"=>0.805854),"3"=>Dict{String,Any}("qf"=>0.305565,"qt"=>-0.305815,"pf"=>-0.446313,"pt"=>0.446775),"81"=>Dict{String,Any}("qf"=>-0.150379,"qt"=>0.159681,"pf"=>0.557717,"pt"=>-0.542477),"27"=>Dict{String,Any}("qf"=>0.143674,"qt"=>-0.153003,"pf"=>-0.385198,"pt"=>0.388146),"75"=>Dict{String,Any}("qf"=>-0.0934478,"qt"=>0.127342,"pf"=>0.629445,"pt"=>-0.601611),"50"=>Dict{String,Any}("qf"=>0.00400686,"qt"=>-0.00760459,"pf"=>-0.940712,"pt"=>0.942737),"162"=>Dict{String,Any}("qf"=>0.0333207,"qt"=>-0.0504776,"pf"=>-0.370936,"pt"=>0.374139),"63"=>Dict{String,Any}("qf"=>0.07943,"qt"=>-0.0834537,"pf"=>-0.470609,"pt"=>0.479164),"92"=>Dict{String,Any}("qf"=>0.469205,"qt"=>-0.467403,"pf"=>-0.391609,"pt"=>0.394386),"120"=>Dict{String,Any}("qf"=>-0.100942,"qt"=>0.0607878,"pf"=>-0.242826,"pt"=>0.246605),"87"=>Dict{String,Any}("qf"=>-0.147831,"qt"=>0.103293,"pf"=>-0.241374,"pt"=>0.244735),"117"=>Dict{String,Any}("qf"=>0.0897138,"qt"=>-0.086803,"pf"=>-0.574995,"pt"=>0.579086),"178"=>Dict{String,Any}("qf"=>0.141292,"qt"=>-0.148893,"pf"=>-0.127516,"pt"=>0.127821),"89"=>Dict{String,Any}("qf"=>0.0783054,"qt"=>-0.05702,"pf"=>-0.679572,"pt"=>0.693654),"176"=>Dict{String,Any}("qf"=>-0.052603,"qt"=>0.0317286,"pf"=>3.73139e-5,"pt"=>-9.37244e-9),"182"=>Dict{String,Any}("qf"=>0.0419799,"qt"=>-0.0449297,"pf"=>0.0104743,"pt"=>-0.0104701),"161"=>Dict{String,Any}("qf"=>-0.0270888,"qt"=>0.0204776,"pf"=>0.426189,"pt"=>-0.424139),"146"=>Dict{String,Any}("qf"=>-0.0945837,"qt"=>0.0841952,"pf"=>0.366705,"pt"=>-0.363757),"142"=>Dict{String,Any}("qf"=>-0.0432693,"qt"=>0.0459944,"pf"=>0.58728,"pt"=>-0.575203),"80"=>Dict{String,Any}("qf"=>0.185135,"qt"=>-0.189681,"pf"=>-0.415362,"pt"=>0.422477),"113"=>Dict{String,Any}("qf"=>-0.0627297,"qt"=>0.0503625,"pf"=>0.0600548,"pt"=>-0.06),"110"=>Dict{String,Any}("qf"=>-0.215621,"qt"=>0.213699,"pf"=>0.423216,"pt"=>-0.421364),"157"=>Dict{String,Any}("qf"=>-0.0728582,"qt"=>0.0513096,"pf"=>-0.218671,"pt"=>0.219505),"57"=>Dict{String,Any}("qf"=>0.16613,"qt"=>-0.19788,"pf"=>-0.246093,"pt"=>0.25117),"165"=>Dict{String,Any}("qf"=>-0.03765,"qt"=>0.0151151,"pf"=>0.389412,"pt"=>-0.382997),"173"=>Dict{String,Any}("qf"=>-0.0529668,"qt"=>0.0487002,"pf"=>0.367497,"pt"=>-0.366131),"171"=>Dict{String,Any}("qf"=>-0.0524039,"qt"=>0.0429668,"pf"=>0.391275,"pt"=>-0.387497),"130"=>Dict{String,Any}("qf"=>0.0474118,"qt"=>-0.0707706,"pf"=>-0.181438,"pt"=>0.183569),"15"=>Dict{String,Any}("qf"=>-0.00342467,"qt"=>0.000188899,"pf"=>-0.463526,"pt"=>0.465186),"61"=>Dict{String,Any}("qf"=>0.213925,"qt"=>-0.211305,"pf"=>-0.478974,"pt"=>0.485195),"67"=>Dict{String,Any}("qf"=>0.198666,"qt"=>-0.0770203,"pf"=>-0.778937,"pt"=>0.825549),"108"=>Dict{String,Any}("qf"=>-0.0566997,"qt"=>0.184459,"pf"=>1.5202,"pt"=>-1.45849),"100"=>Dict{String,Any}("qf"=>0.187308,"qt"=>-0.0838284,"pf"=>-0.890931,"pt"=>0.927986),"46"=>Dict{String,Any}("qf"=>-0.058904,"qt"=>0.05595,"pf"=>0.0120743,"pt"=>-0.0120674),"170"=>Dict{String,Any}("qf"=>-0.025692,"qt"=>-0.0120633,"pf"=>0.266666,"pt"=>-0.263144),"151"=>Dict{String,Any}("qf"=>0.126414,"qt"=>-0.14131,"pf"=>0.372082,"pt"=>-0.369505),"68"=>Dict{String,Any}("qf"=>0.0951596,"qt"=>-0.0680652,"pf"=>-0.610017,"pt"=>0.636625),"56"=>Dict{String,Any}("qf"=>0.239708,"qt"=>-0.249687,"pf"=>0.0298519,"pt"=>-0.0290107),"147"=>Dict{String,Any}("qf"=>0.164192,"qt"=>-0.171977,"pf"=>0.261286,"pt"=>-0.260084),"76"=>Dict{String,Any}("qf"=>-0.118384,"qt"=>0.149799,"pf"=>0.614929,"pt"=>-0.58301),"186"=>Dict{String,Any}("qf"=>0.0110763,"qt"=>-0.023474,"pf"=>-0.145569,"pt"=>0.145922),"180"=>Dict{String,Any}("qf"=>0.055068,"qt"=>-0.0719799,"pf"=>0.0906272,"pt"=>-0.0904743),"135"=>Dict{String,Any}("qf"=>0.0956868,"qt"=>-0.107941,"pf"=>-0.427414,"pt"=>0.430958),"48"=>Dict{String,Any}("qf"=>-0.0235174,"qt"=>-0.00467943,"pf"=>-0.309261,"pt"=>0.312886),"103"=>Dict{String,Any}("qf"=>-0.0299785,"qt"=>0.104795,"pf"=>1.07542,"pt"=>-1.05236),"32"=>Dict{String,Any}("qf"=>0.223254,"qt"=>-0.220278,"pf"=>0.197502,"pt"=>-0.197502),"109"=>Dict{String,Any}("qf"=>0.0311477,"qt"=>-0.0972773,"pf"=>-0.338566,"pt"=>0.338808),"2"=>Dict{String,Any}("qf"=>-0.0705457,"qt"=>0.0614228,"pf"=>-0.241848,"pt"=>0.242606),"183"=>Dict{String,Any}("qf"=>0.0412261,"qt"=>-0.198635,"pf"=>1.84111,"pt"=>-1.84),"155"=>Dict{String,Any}("qf"=>-0.444615,"qt"=>0.390293,"pf"=>0.201322,"pt"=>-0.197813),"51"=>Dict{String,Any}("qf"=>0.667357,"qt"=>-0.479437,"pf"=>2.32394,"pt"=>-2.32394),"53"=>Dict{String,Any}("qf"=>0.0641574,"qt"=>-0.094373,"pf"=>0.311322,"pt"=>-0.305801),"106"=>Dict{String,Any}("qf"=>0.105871,"qt"=>-0.0621969,"pf"=>-0.639732,"pt"=>0.680329),"111"=>Dict{String,Any}("qf"=>0.104542,"qt"=>-0.145899,"pf"=>-0.232093,"pt"=>0.235206),"141"=>Dict{String,Any}("qf"=>-0.00103582,"qt"=>0.0958613,"pf"=>1.86,"pt"=>-1.82951),"93"=>Dict{String,Any}("qf"=>0.426353,"qt"=>-0.234839,"pf"=>2.32303,"pt"=>-2.32303),"10"=>Dict{String,Any}("qf"=>0.0586298,"qt"=>-0.0775806,"pf"=>0.0563127,"pt"=>-0.0561659),"154"=>Dict{String,Any}("qf"=>-0.106657,"qt"=>0.0796542,"pf"=>0.292919,"pt"=>-0.287439),"49"=>Dict{String,Any}("qf"=>-0.0182515,"qt"=>0.01405,"pf"=>0.298629,"pt"=>-0.297933),"5"=>Dict{String,Any}("qf"=>-0.0535233,"qt"=>0.0407065,"pf"=>0.247459,"pt"=>-0.246783),"62"=>Dict{String,Any}("qf"=>-0.00466869,"qt"=>-0.00633797,"pf"=>-0.405179,"pt"=>0.411805),"90"=>Dict{String,Any}("qf"=>-0.214788,"qt"=>0.20944,"pf"=>-0.926668,"pt"=>0.928807),"164"=>Dict{String,Any}("qf"=>-0.0416098,"qt"=>0.0420351,"pf"=>0.568854,"pt"=>-0.555694),"86"=>Dict{String,Any}("qf"=>-0.118632,"qt"=>0.0733697,"pf"=>-0.201927,"pt"=>0.205795),"126"=>Dict{String,Any}("qf"=>-0.0995672,"qt"=>-0.734672,"pf"=>-0.1441,"pt"=>0.144308),"152"=>Dict{String,Any}("qf"=>-0.00239181,"qt"=>-0.0102394,"pf"=>0.446593,"pt"=>-0.442364),"71"=>Dict{String,Any}("qf"=>-0.0641748,"qt"=>0.139496,"pf"=>0.916176,"pt"=>-0.877114),"37"=>Dict{String,Any}("qf"=>0.222917,"qt"=>-0.66905,"pf"=>-1.43212,"pt"=>1.44122),"6"=>Dict{String,Any}("qf"=>0.011844,"qt"=>-0.0165753,"pf"=>-0.273217,"pt"=>0.273526),"125"=>Dict{String,Any}("qf"=>-0.155813,"qt"=>0.154557,"pf"=>-0.527034,"pt"=>0.531332),"98"=>Dict{String,Any}("qf"=>0.0689827,"qt"=>0.187508,"pf"=>-1.79502,"pt"=>1.85052),"174"=>Dict{String,Any}("qf"=>0.0111274,"qt"=>0.0504101,"pf"=>0.821434,"pt"=>-0.797498),"7"=>Dict{String,Any}("qf"=>-1.15703,"qt"=>-0.122294,"pf"=>0.00213007,"pt"=>-0.00151888),"140"=>Dict{String,Any}("qf"=>0.0765333,"qt"=>-0.099436,"pf"=>-0.00532192,"pt"=>0.00550201),"107"=>Dict{String,Any}("qf"=>1.086,"qt"=>-0.749876,"pf"=>-3.10564,"pt"=>3.10564),"102"=>Dict{String,Any}("qf"=>1.31129,"qt"=>-1.11121,"pf"=>-2.20025,"pt"=>2.20025),"69"=>Dict{String,Any}("qf"=>0.09229,"qt"=>-0.0962276,"pf"=>-0.424122,"pt"=>0.427382),"97"=>Dict{String,Any}("qf"=>0.272566,"qt"=>-0.306796,"pf"=>-3.563,"pt"=>3.59583),"4"=>Dict{String,Any}("qf"=>-0.0936011,"qt"=>0.0751909,"pf"=>-0.348086,"pt"=>0.350929),"13"=>Dict{String,Any}("qf"=>-0.118887,"qt"=>0.114641,"pf"=>-0.47023,"pt"=>0.474226),"136"=>Dict{String,Any}("qf"=>0.0281798,"qt"=>-0.0162457,"pf"=>-0.636787,"pt"=>0.645656),"134"=>Dict{String,Any}("qf"=>-0.0881365,"qt"=>0.04,"pf"=>0.000106593,"pt"=>-9.97143e-9),"133"=>Dict{String,Any}("qf"=>-0.0133087,"qt"=>-0.0118635,"pf"=>0.21153,"pt"=>-0.210107),"148"=>Dict{String,Any}("qf"=>0.0794801,"qt"=>-0.117269,"pf"=>0.298585,"pt"=>-0.295396),"118"=>Dict{String,Any}("qf"=>-0.141076,"qt"=>0.147167,"pf"=>-0.534431,"pt"=>0.547792),"38"=>Dict{String,Any}("qf"=>-0.473832,"qt"=>0.0995619,"pf"=>2.67051,"pt"=>-2.6163),"116"=>Dict{String,Any}("qf"=>-0.0296623,"qt"=>0.118532,"pf"=>1.43021,"pt"=>-1.35643),"66"=>Dict{String,Any}("qf"=>0.198666,"qt"=>-0.0770203,"pf"=>-0.778937,"pt"=>0.825549),"18"=>Dict{String,Any}("qf"=>-0.0467049,"qt"=>-0.0194012,"pf"=>-0.098835,"pt"=>0.0995195),"132"=>Dict{String,Any}("qf"=>0.000770604,"qt"=>-0.00914283,"pf"=>-0.293569,"pt"=>0.295973),"29"=>Dict{String,Any}("qf"=>0.022954,"qt"=>-0.00675807,"pf"=>-0.633794,"pt"=>0.646725),"78"=>Dict{String,Any}("qf"=>0.0136832,"qt"=>-0.0210047,"pf"=>0.123697,"pt"=>-0.123655),"74"=>Dict{String,Any}("qf"=>-0.158559,"qt"=>0.130299,"pf"=>-0.0446874,"pt"=>0.0452905),"119"=>Dict{String,Any}("qf"=>-0.200597,"qt"=>0.231996,"pf"=>1.26776,"pt"=>-1.22301),"42"=>Dict{String,Any}("qf"=>0.00837146,"qt"=>-0.0254128,"pf"=>-0.329263,"pt"=>0.332296),"33"=>Dict{String,Any}("qf"=>-0.103971,"qt"=>0.212768,"pf"=>1.44654,"pt"=>-1.38731),"28"=>Dict{String,Any}("qf"=>0.073003,"qt"=>-0.072954,"pf"=>-0.528146,"pt"=>0.533794),"52"=>Dict{String,Any}("qf"=>0.125062,"qt"=>-0.136661,"pf"=>0.413761,"pt"=>-0.408308),"121"=>Dict{String,Any}("qf"=>0.191095,"qt"=>-0.200619,"pf"=>0.574349,"pt"=>-0.573076),"115"=>Dict{String,Any}("qf"=>0.132755,"qt"=>-0.166721,"pf"=>-0.0696339,"pt"=>0.0707569),"163"=>Dict{String,Any}("qf"=>-0.244073,"qt"=>0.232371,"pf"=>0.979732,"pt"=>-0.965226),"58"=>Dict{String,Any}("qf"=>0.149687,"qt"=>-0.16624,"pf"=>-0.340989,"pt"=>0.346704),"25"=>Dict{String,Any}("qf"=>0.148681,"qt"=>-0.173674,"pf"=>-0.203621,"pt"=>0.205198),"114"=>Dict{String,Any}("qf"=>0.115684,"qt"=>-0.147186,"pf"=>0.106102,"pt"=>-0.105005),"166"=>Dict{String,Any}("qf"=>-0.0662578,"qt"=>0.0596678,"pf"=>0.50438,"pt"=>-0.491951),"31"=>Dict{String,Any}("qf"=>0.193832,"qt"=>-0.145751,"pf"=>-1.3928,"pt"=>1.42097),"44"=>Dict{String,Any}("qf"=>0.0323931,"qt"=>-0.0664826,"pf"=>-0.0789599,"pt"=>0.0792612),"169"=>Dict{String,Any}("qf"=>0.124773,"qt"=>-0.13878,"pf"=>0.0797698,"pt"=>-0.0794571),"129"=>Dict{String,Any}("qf"=>-0.000965945,"qt"=>-0.0368271,"pf"=>-0.293315,"pt"=>0.294218),"150"=>Dict{String,Any}("qf"=>-0.012182,"qt"=>-0.0122909,"pf"=>0.0298873,"pt"=>-0.0298648),"94"=>Dict{String,Any}("qf"=>-0.426353,"qt"=>0.306162,"pf"=>-2.32303,"pt"=>2.33215),"99"=>Dict{String,Any}("qf"=>0.0689827,"qt"=>0.187508,"pf"=>-1.79502,"pt"=>1.85052),"47"=>Dict{String,Any}("qf"=>-0.031096,"qt"=>0.0216023,"pf"=>-0.342074,"pt"=>0.343236),"73"=>Dict{String,Any}("qf"=>-0.0818286,"qt"=>0.0485587,"pf"=>0.186921,"pt"=>-0.185313),"82"=>Dict{String,Any}("qf"=>0.18853,"qt"=>-0.204889,"pf"=>-0.210797,"pt"=>0.213649),"79"=>Dict{String,Any}("qf"=>0.144485,"qt"=>-0.146624,"pf"=>-0.303316,"pt"=>0.303858),"84"=>Dict{String,Any}("qf"=>-0.150642,"qt"=>0.0994808,"pf"=>-0.199806,"pt"=>0.202484),"104"=>Dict{String,Any}("qf"=>0.394931,"qt"=>-1.02766,"pf"=>-1.40536,"pt"=>1.40863),"124"=>Dict{String,Any}("qf"=>-0.0771255,"qt"=>0.0620456,"pf"=>-0.318226,"pt"=>0.32107),"185"=>Dict{String,Any}("qf"=>0.125934,"qt"=>-0.126526,"pf"=>0.479409,"pt"=>-0.475922),"70"=>Dict{String,Any}("qf"=>-0.0897784,"qt"=>0.110379,"pf"=>0.741917,"pt"=>-0.727717),"8"=>Dict{String,Any}("qf"=>0.215337,"qt"=>-0.182849,"pf"=>1.14999,"pt"=>-1.14999),"64"=>Dict{String,Any}("qf"=>0.00655004,"qt"=>-0.0460984,"pf"=>-0.221196,"pt"=>0.224122),"91"=>Dict{String,Any}("qf"=>0.266835,"qt"=>-0.267576,"pf"=>-0.480799,"pt"=>0.48419),"60"=>Dict{String,Any}("qf"=>0.195256,"qt"=>-0.231553,"pf"=>-0.128868,"pt"=>0.131249),"158"=>Dict{String,Any}("qf"=>-0.0697606,"qt"=>0.0191505,"pf"=>0.102364,"pt"=>-0.101918),"156"=>Dict{String,Any}("qf"=>-0.138023,"qt"=>0.124675,"pf"=>-0.159916,"pt"=>0.160611),"144"=>Dict{String,Any}("qf"=>-0.0293056,"qt"=>0.0245837,"pf"=>0.492442,"pt"=>-0.486705),"22"=>Dict{String,Any}("qf"=>-0.0128033,"qt"=>-0.0326777,"pf"=>-0.200172,"pt"=>0.201819),"11"=>Dict{String,Any}("qf"=>0.0212582,"qt"=>-0.0398213,"pf"=>0.104826,"pt"=>-0.104608),"16"=>Dict{String,Any}("qf"=>0.0974518,"qt"=>-0.113295,"pf"=>0.242583,"pt"=>-0.241165),"40"=>Dict{String,Any}("qf"=>-0.0573061,"qt"=>0.0486914,"pf"=>-0.0715322,"pt"=>0.0716124),"72"=>Dict{String,Any}("qf"=>-0.0373447,"qt"=>0.0318286,"pf"=>0.36975,"pt"=>-0.366921),"128"=>Dict{String,Any}("qf"=>-0.014475,"qt"=>-0.0690762,"pf"=>0.24506,"pt"=>-0.243394),"145"=>Dict{String,Any}("qf"=>-0.0643363,"qt"=>0.0484101,"pf"=>0.437238,"pt"=>-0.428738),"36"=>Dict{String,Any}("qf"=>0.37452,"qt"=>-0.267912,"pf"=>1.73651,"pt"=>-1.73651),"95"=>Dict{String,Any}("qf"=>-0.578728,"qt"=>0.624155,"pf"=>1.23085,"pt"=>-1.23085),"138"=>Dict{String,Any}("qf"=>-0.108222,"qt"=>0.105221,"pf"=>0.572319,"pt"=>-0.556933),"153"=>Dict{String,Any}("qf"=>-0.0535252,"qt"=>0.0157009,"pf"=>0.353762,"pt"=>-0.348684)),"bus"=>Dict{String,Any}("32"=>Dict{String,Any}("va"=>-0.446856,"vm"=>1.04234),"29"=>Dict{String,Any}("va"=>-0.479225,"vm"=>1.03199),"1"=>Dict{String,Any}("va"=>-0.572438,"vm"=>1.03313),"54"=>Dict{String,Any}("va"=>-0.386934,"vm"=>1.01028),"78"=>Dict{String,Any}("va"=>-0.125829,"vm"=>1.0397),"81"=>Dict{String,Any}("va"=>-0.0961202,"vm"=>1.01451),"101"=>Dict{String,Any}("va"=>-0.131047,"vm"=>1.0369),"2"=>Dict{String,Any}("va"=>-0.548626,"vm"=>1.04477),"109"=>Dict{String,Any}("va"=>-0.317398,"vm"=>1.02564),"30"=>Dict{String,Any}("va"=>-0.434443,"vm"=>1.02883),"74"=>Dict{String,Any}("va"=>-0.185466,"vm"=>1.01048),"41"=>Dict{String,Any}("va"=>-0.520731,"vm"=>1.01757),"65"=>Dict{String,Any}("va"=>-0.121831,"vm"=>1.02987),"51"=>Dict{String,Any}("va"=>-0.332087,"vm"=>0.993786),"53"=>Dict{String,Any}("va"=>-0.388614,"vm"=>0.991455),"106"=>Dict{String,Any}("va"=>-0.282323,"vm"=>1.02649),"27"=>Dict{String,Any}("va"=>-0.437037,"vm"=>1.04142),"75"=>Dict{String,Any}("va"=>-0.161539,"vm"=>1.01395),"42"=>Dict{String,Any}("va"=>-0.469257,"vm"=>1.01043),"33"=>Dict{String,Any}("va"=>-0.519054,"vm"=>1.04644),"28"=>Dict{String,Any}("va"=>-0.46366,"vm"=>1.03325),"50"=>Dict{String,Any}("va"=>-0.262116,"vm"=>1.01133),"52"=>Dict{String,Any}("va"=>-0.354854,"vm"=>0.988291),"111"=>Dict{String,Any}("va"=>-0.340865,"vm"=>1.02631),"63"=>Dict{String,Any}("va"=>-0.268605,"vm"=>1.01792),"115"=>Dict{String,Any}("va"=>-0.451195,"vm"=>1.03697),"92"=>Dict{String,Any}("va"=>-0.0693223,"vm"=>1.04495),"88"=>Dict{String,Any}("va"=>-0.0433747,"vm"=>1.04735),"93"=>Dict{String,Any}("va"=>-0.108359,"vm"=>1.03499),"26"=>Dict{String,Any}("va"=>-0.214978,"vm"=>1.02524),"10"=>Dict{String,Any}("va"=>-0.503013,"vm"=>1.03529),"77"=>Dict{String,Any}("va"=>-0.119954,"vm"=>1.0441),"24"=>Dict{String,Any}("va"=>-0.30545,"vm"=>1.05682),"87"=>Dict{String,Any}("va"=>-0.110491,"vm"=>1.05481),"117"=>Dict{String,Any}("va"=>-0.547808,"vm"=>1.04532),"58"=>Dict{String,Any}("va"=>-0.361001,"vm"=>0.998086),"25"=>Dict{String,Any}("va"=>-0.221643,"vm"=>1.06),"114"=>Dict{String,Any}("va"=>-0.451187,"vm"=>1.03742),"23"=>Dict{String,Any}("va"=>-0.325124,"vm"=>1.05205),"49"=>Dict{String,Any}("va"=>-0.206109,"vm"=>1.02323),"59"=>Dict{String,Any}("va"=>-0.349368,"vm"=>1.04823),"5"=>Dict{String,Any}("va"=>-0.531096,"vm"=>1.05563),"31"=>Dict{String,Any}("va"=>-0.477542,"vm"=>1.03444),"89"=>Dict{String,Any}("va"=>0.015314,"vm"=>1.06),"62"=>Dict{String,Any}("va"=>-0.237741,"vm"=>1.04635),"43"=>Dict{String,Any}("va"=>-0.459264,"vm"=>1.02843),"90"=>Dict{String,Any}("va"=>-0.0850627,"vm"=>1.05126),"39"=>Dict{String,Any}("va"=>-0.515496,"vm"=>1.03411),"112"=>Dict{String,Any}("va"=>-0.383684,"vm"=>1.00975),"34"=>Dict{String,Any}("va"=>-0.487492,"vm"=>1.05777),"44"=>Dict{String,Any}("va"=>-0.373809,"vm"=>1.00429),"94"=>Dict{String,Any}("va"=>-0.135221,"vm"=>1.03344),"55"=>Dict{String,Any}("va"=>-0.393234,"vm"=>1.01049),"86"=>Dict{String,Any}("va"=>-0.108825,"vm"=>1.04208),"17"=>Dict{String,Any}("va"=>-0.493789,"vm"=>1.06),"99"=>Dict{String,Any}("va"=>-0.157834,"vm"=>1.0516),"71"=>Dict{String,Any}("va"=>-0.192947,"vm"=>1.03547),"37"=>Dict{String,Any}("va"=>-0.479583,"vm"=>1.06),"47"=>Dict{String,Any}("va"=>-0.209128,"vm"=>1.01972),"9"=>Dict{String,Any}("va"=>-0.50488,"vm"=>1.06),"73"=>Dict{String,Any}("va"=>-0.19594,"vm"=>1.03745),"82"=>Dict{String,Any}("va"=>-0.138472,"vm"=>1.03483),"12"=>Dict{String,Any}("va"=>-0.52433,"vm"=>1.06),"79"=>Dict{String,Any}("va"=>-0.123026,"vm"=>1.04174),"20"=>Dict{String,Any}("va"=>-0.502626,"vm"=>1.03471),"6"=>Dict{String,Any}("va"=>-0.54358,"vm"=>1.05525),"84"=>Dict{String,Any}("va"=>-0.102524,"vm"=>1.04085),"80"=>Dict{String,Any}("va"=>-0.0914778,"vm"=>1.06),"104"=>Dict{String,Any}("va"=>-0.25961,"vm"=>1.03709),"98"=>Dict{String,Any}("va"=>-0.134552,"vm"=>1.04955),"113"=>Dict{String,Any}("va"=>-0.489176,"vm"=>1.05697),"110"=>Dict{String,Any}("va"=>-0.339979,"vm"=>1.0232),"70"=>Dict{String,Any}("va"=>-0.177141,"vm"=>1.0317),"14"=>Dict{String,Any}("va"=>-0.53266,"vm"=>1.05645),"7"=>Dict{String,Any}("va"=>-0.538419,"vm"=>1.05616),"96"=>Dict{String,Any}("va"=>-0.137652,"vm"=>1.03266),"57"=>Dict{String,Any}("va"=>-0.341866,"vm"=>1.00607),"8"=>Dict{String,Any}("va"=>-0.503669,"vm"=>1.04474),"64"=>Dict{String,Any}("va"=>-0.224751,"vm"=>1.02901),"19"=>Dict{String,Any}("va"=>-0.528437,"vm"=>1.04789),"91"=>Dict{String,Any}("va"=>-0.0826133,"vm"=>1.04436),"107"=>Dict{String,Any}("va"=>-0.326148,"vm"=>1.02208),"102"=>Dict{String,Any}("va"=>-0.0914368,"vm"=>1.04121),"69"=>Dict{String,Any}("va"=>2.60431e-33,"vm"=>1.06),"60"=>Dict{String,Any}("va"=>-0.265243,"vm"=>1.05498),"97"=>Dict{String,Any}("va"=>-0.120625,"vm"=>1.04162),"4"=>Dict{String,Any}("va"=>-0.534772,"vm"=>1.05719),"22"=>Dict{String,Any}("va"=>-0.419369,"vm"=>1.03326),"11"=>Dict{String,Any}("va"=>-0.536971,"vm"=>1.05163),"35"=>Dict{String,Any}("va"=>-0.49455,"vm"=>1.0552),"13"=>Dict{String,Any}("va"=>-0.551003,"vm"=>1.0391),"15"=>Dict{String,Any}("va"=>-0.529728,"vm"=>1.04944),"61"=>Dict{String,Any}("va"=>-0.254544,"vm"=>1.06),"67"=>Dict{String,Any}("va"=>-0.151166,"vm"=>1.04383),"108"=>Dict{String,Any}("va"=>-0.306871,"vm"=>1.02796),"118"=>Dict{String,Any}("va"=>-0.182372,"vm"=>1.00105),"16"=>Dict{String,Any}("va"=>-0.526622,"vm"=>1.05303),"100"=>Dict{String,Any}("va"=>-0.152692,"vm"=>1.05328),"40"=>Dict{String,Any}("va"=>-0.52275,"vm"=>1.02963),"21"=>Dict{String,Any}("va"=>-0.469247,"vm"=>1.02936),"38"=>Dict{String,Any}("va"=>-0.403391,"vm"=>1.00989),"46"=>Dict{String,Any}("va"=>-0.270597,"vm"=>1.01212),"72"=>Dict{String,Any}("va"=>-0.258384,"vm"=>1.04425),"83"=>Dict{String,Any}("va"=>-0.128256,"vm"=>1.03737),"45"=>Dict{String,Any}("va"=>-0.325599,"vm"=>0.995923),"68"=>Dict{String,Any}("va"=>-0.0994744,"vm"=>1.02062),"56"=>Dict{String,Any}("va"=>-0.388045,"vm"=>1.00978),"116"=>Dict{String,Any}("va"=>-0.106599,"vm"=>1.01953),"36"=>Dict{String,Any}("va"=>-0.494776,"vm"=>1.05573),"66"=>Dict{String,Any}("va"=>-0.0520485,"vm"=>1.06),"76"=>Dict{String,Any}("va"=>-0.190578,"vm"=>0.999597),"95"=>Dict{String,Any}("va"=>-0.143823,"vm"=>1.023),"85"=>Dict{String,Any}("va"=>-0.0850835,"vm"=>1.04907),"48"=>Dict{String,Any}("va"=>-0.228318,"vm"=>1.02043),"18"=>Dict{String,Any}("va"=>-0.525271,"vm"=>1.05264),"103"=>Dict{String,Any}("va"=>-0.202304,"vm"=>1.05037),"105"=>Dict{String,Any}("va"=>-0.27996,"vm"=>1.03457),"3"=>Dict{String,Any}("va"=>-0.563662,"vm"=>1.03885)),"per_unit"=>true),"data"=>Dict{String,Any}("name"=>"nesta_case118_ieee","bus_count"=>118,"branch_count"=>186),"machine"=>Dict("cpu"=>"Intel(R) Xeon(R) CPU E5-1650 v3 @ 3.50GHz","memory"=>"31.338275909423828 Gb"),"objective_lb"=>-Inf)
Dict{String,Any}("solve_time"=>0.281203,"status"=>:LocalOptimal,"objective"=>3720.46,"solver"=>"IpoptSolver","solution"=>Dict{String,Any}("baseMVA"=>100.0,"gen"=>Dict{String,Any}("32"=>Dict{String,Any}("qg"=>-0.0185083,"pg"=>0.0),"29"=>Dict{String,Any}("qg"=>-0.67,"pg"=>8.30085),"1"=>Dict{String,Any}("qg"=>0.15,"pg"=>0.0),"54"=>Dict{String,Any}("qg"=>-0.20104,"pg"=>0.0),"2"=>Dict{String,Any}("qg"=>0.54771,"pg"=>0.0),"41"=>Dict{String,Any}("qg"=>0.762138,"pg"=>0.0),"51"=>Dict{String,Any}("qg"=>0.0317285,"pg"=>0.0),"53"=>Dict{String,Any}("qg"=>-0.00940916,"pg"=>0.0),"27"=>Dict{String,Any}("qg"=>-0.2,"pg"=>0.0),"42"=>Dict{String,Any}("qg"=>-0.0892481,"pg"=>0.0),"33"=>Dict{String,Any}("qg"=>0.049964,"pg"=>0.0),"28"=>Dict{String,Any}("qg"=>1.20135,"pg"=>2.93828),"50"=>Dict{String,Any}("qg"=>0.23,"pg"=>0.0),"52"=>Dict{String,Any}("qg"=>0.163992,"pg"=>0.0),"26"=>Dict{String,Any}("qg"=>1.24583,"pg"=>0.0),"10"=>Dict{String,Any}("qg"=>0.0907998,"pg"=>0.0),"24"=>Dict{String,Any}("qg"=>0.15,"pg"=>0.0),"25"=>Dict{String,Any}("qg"=>1.41,"pg"=>0.0),"23"=>Dict{String,Any}("qg"=>0.23,"pg"=>0.0),"49"=>Dict{String,Any}("qg"=>0.070048,"pg"=>0.0),"5"=>Dict{String,Any}("qg"=>-1.45352,"pg"=>0.0),"31"=>Dict{String,Any}("qg"=>0.32,"pg"=>0.0),"43"=>Dict{String,Any}("qg"=>-0.03,"pg"=>0.0),"39"=>Dict{String,Any}("qg"=>0.04,"pg"=>0.0),"34"=>Dict{String,Any}("qg"=>0.09,"pg"=>0.0),"44"=>Dict{String,Any}("qg"=>-0.00196573,"pg"=>0.0),"17"=>Dict{String,Any}("qg"=>0.24,"pg"=>0.0),"37"=>Dict{String,Any}("qg"=>-0.00230378,"pg"=>4.46253),"47"=>Dict{String,Any}("qg"=>0.23,"pg"=>0.0),"9"=>Dict{String,Any}("qg"=>0.24,"pg"=>0.0),"12"=>Dict{String,Any}("qg"=>-0.248815,"pg"=>2.88829),"20"=>Dict{String,Any}("qg"=>0.0780684,"pg"=>0.0),"6"=>Dict{String,Any}("qg"=>0.280117,"pg"=>2.87),"14"=>Dict{String,Any}("qg"=>0.12,"pg"=>0.23),"7"=>Dict{String,Any}("qg"=>0.3,"pg"=>0.0),"8"=>Dict{String,Any}("qg"=>0.470544,"pg"=>0.0),"19"=>Dict{String,Any}("qg"=>0.264518,"pg"=>0.0),"4"=>Dict{String,Any}("qg"=>-0.488627,"pg"=>0.0),"22"=>Dict{String,Any}("qg"=>0.556832,"pg"=>0.0),"11"=>Dict{String,Any}("qg"=>-0.47,"pg"=>2.67),"35"=>Dict{String,Any}("qg"=>0.23,"pg"=>0.0),"13"=>Dict{String,Any}("qg"=>0.303611,"pg"=>0.0),"15"=>Dict{String,Any}("qg"=>0.361811,"pg"=>0.0),"16"=>Dict{String,Any}("qg"=>0.24,"pg"=>0.0),"40"=>Dict{String,Any}("qg"=>-0.315648,"pg"=>5.68008),"21"=>Dict{String,Any}("qg"=>-0.112869,"pg"=>2.32),"38"=>Dict{String,Any}("qg"=>0.23,"pg"=>0.0),"46"=>Dict{String,Any}("qg"=>0.29959,"pg"=>0.98),"45"=>Dict{String,Any}("qg"=>0.498003,"pg"=>1.86392),"36"=>Dict{String,Any}("qg"=>0.7,"pg"=>0.0),"48"=>Dict{String,Any}("qg"=>0.23,"pg"=>0.0),"18"=>Dict{String,Any}("qg"=>0.507236,"pg"=>0.0),"30"=>Dict{String,Any}("qg"=>-1.14449,"pg"=>8.81),"3"=>Dict{String,Any}("qg"=>0.278936,"pg"=>0.0)),"branch"=>Dict{String,Any}("1"=>Dict{String,Any}("qf"=>-0.0363714,"qt"=>0.0209206,"pf"=>-0.354266,"pt"=>0.357863),"54"=>Dict{String,Any}("qf"=>0.195556,"qt"=>-0.608474,"pf"=>-0.571287,"pt"=>0.573487),"101"=>Dict{String,Any}("qf"=>0.207813,"qt"=>-0.174867,"pf"=>-0.758028,"pt"=>0.772759),"41"=>Dict{String,Any}("qf"=>-0.214212,"qt"=>0.21658,"pf"=>1.11155,"pt"=>-1.07553),"65"=>Dict{String,Any}("qf"=>-0.0464108,"qt"=>0.0299909,"pf"=>-0.0618304,"pt"=>0.0619272),"168"=>Dict{String,Any}("qf"=>-0.0771502,"qt"=>0.0777222,"pf"=>0.558691,"pt"=>-0.555759),"159"=>Dict{String,Any}("qf"=>-0.0176656,"qt"=>-0.00588295,"pf"=>-0.0713223,"pt"=>0.0714056),"88"=>Dict{String,Any}("qf"=>0.0922266,"qt"=>-0.0820343,"pf"=>-0.616104,"pt"=>0.627423),"26"=>Dict{String,Any}("qf"=>0.017636,"qt"=>-0.0286885,"pf"=>-0.0224558,"pt"=>0.0224672),"77"=>Dict{String,Any}("qf"=>-0.0334537,"qt"=>0.0133758,"pf"=>0.08549,"pt"=>-0.0853601),"24"=>Dict{String,Any}("qf"=>0.0957933,"qt"=>-0.107523,"pf"=>0.0958929,"pt"=>-0.095695),"23"=>Dict{String,Any}("qf"=>-0.0271229,"qt"=>0.0347512,"pf"=>0.701281,"pt"=>-0.695893),"160"=>Dict{String,Any}("qf"=>0.15339,"qt"=>-0.18332,"pf"=>-0.149638,"pt"=>0.150932),"149"=>Dict{String,Any}("qf"=>0.0142566,"qt"=>-0.0722966,"pf"=>-0.00333226,"pt"=>0.0033609),"59"=>Dict{String,Any}("qf"=>0.161296,"qt"=>-0.192873,"pf"=>-0.31098,"pt"=>0.318689),"184"=>Dict{String,Any}("qf"=>0.0459214,"qt"=>-0.08,"pf"=>0.201314,"pt"=>-0.2),"43"=>Dict{String,Any}("qf"=>-0.0617781,"qt"=>0.0421411,"pf"=>0.125437,"pt"=>-0.125049),"122"=>Dict{String,Any}("qf"=>-0.0593035,"qt"=>0.052779,"pf"=>-0.137013,"pt"=>0.137124),"175"=>Dict{String,Any}("qf"=>-0.0787001,"qt"=>0.0637679,"pf"=>0.286131,"pt"=>-0.283845),"39"=>Dict{String,Any}("qf"=>0.167003,"qt"=>-0.205379,"pf"=>-0.0538051,"pt"=>0.0554409),"143"=>Dict{String,Any}("qf"=>0.01019,"qt"=>-0.0444643,"pf"=>-0.105502,"pt"=>0.105925),"112"=>Dict{String,Any}("qf"=>-0.150346,"qt"=>0.126684,"pf"=>0.359558,"pt"=>-0.353514),"34"=>Dict{String,Any}("qf"=>0.0160633,"qt"=>-0.0301251,"pf"=>0.340331,"pt"=>-0.338275),"137"=>Dict{String,Any}("qf"=>0.00795028,"qt"=>0.0244643,"pf"=>-0.910968,"pt"=>0.921488),"55"=>Dict{String,Any}("qf"=>0.0233034,"qt"=>-0.0387037,"pf"=>0.138332,"pt"=>-0.137986),"17"=>Dict{String,Any}("qf"=>-0.0214688,"qt"=>0.0047625,"pf"=>0.239648,"pt"=>-0.238547),"9"=>Dict{String,Any}("qf"=>0.12229,"qt"=>-1.45352,"pf"=>0.00151886,"pt"=>-9.94458e-9),"172"=>Dict{String,Any}("qf"=>-0.0640541,"qt"=>0.0247896,"pf"=>0.239826,"pt"=>-0.236856),"12"=>Dict{String,Any}("qf"=>NaN,"qt"=>NaN,"pf"=>NaN,"pt"=>NaN),"20"=>Dict{String,Any}("qf"=>0.0368771,"qt"=>-0.058817,"pf"=>0.154517,"pt"=>-0.154021),"14"=>Dict{String,Any}("qf"=>-0.0499786,"qt"=>0.0288095,"pf"=>-0.395049,"pt"=>0.40213),"167"=>Dict{String,Any}("qf"=>-0.0329031,"qt"=>0.0428345,"pf"=>0.610708,"pt"=>-0.590369),"127"=>Dict{String,Any}("qf"=>0.734501,"qt"=>-0.716851,"pf"=>-0.148779,"pt"=>0.148779),"96"=>Dict{String,Any}("qf"=>-0.0589495,"qt"=>-0.201325,"pf"=>-2.88752,"pt"=>2.96317),"123"=>Dict{String,Any}("qf"=>-0.119256,"qt"=>0.0881387,"pf"=>-0.682748,"pt"=>0.690153),"177"=>Dict{String,Any}("qf"=>-0.0687588,"qt"=>0.0339918,"pf"=>0.691306,"pt"=>-0.68),"19"=>Dict{String,Any}("qf"=>-0.0147625,"qt"=>-0.0390756,"pf"=>0.0985467,"pt"=>-0.0980192),"179"=>Dict{String,Any}("qf"=>-0.158482,"qt"=>0.111181,"pf"=>0.188834,"pt"=>-0.185856),"35"=>Dict{String,Any}("qf"=>-0.0398749,"qt"=>0.0170541,"pf"=>0.168275,"pt"=>-0.16763),"131"=>Dict{String,Any}("qf"=>-0.00295905,"qt"=>-0.0214255,"pf"=>-0.312793,"pt"=>0.316712),"21"=>Dict{String,Any}("qf"=>-0.0141549,"qt"=>-0.00162954,"pf"=>-0.918344,"pt"=>0.928478),"83"=>Dict{String,Any}("qf"=>-0.182168,"qt"=>0.174913,"pf"=>0.337494,"pt"=>-0.333777),"45"=>Dict{String,Any}("qf"=>-0.0214595,"qt"=>-0.0417369,"pf"=>-0.173754,"pt"=>0.175835),"139"=>Dict{String,Any}("qf"=>-0.171328,"qt"=>0.160381,"pf"=>1.09333,"pt"=>-1.06774),"181"=>Dict{String,Any}("qf"=>0.00620807,"qt"=>-0.0244807,"pf"=>0.209984,"pt"=>-0.209313),"85"=>Dict{String,Any}("qf"=>-0.117489,"qt"=>0.0682197,"pf"=>-0.191969,"pt"=>0.195584),"30"=>Dict{String,Any}("qf"=>-0.00352589,"qt"=>-0.0434073,"pf"=>-0.434813,"pt"=>0.437126),"105"=>Dict{String,Any}("qf"=>0.130263,"qt"=>-0.0462978,"pf"=>-0.75732,"pt"=>0.806137),"3"=>Dict{String,Any}("qf"=>0.266247,"qt"=>-0.263817,"pf"=>-0.765473,"pt"=>0.766521),"81"=>Dict{String,Any}("qf"=>-0.150375,"qt"=>0.159702,"pf"=>0.557884,"pt"=>-0.542635),"27"=>Dict{String,Any}("qf"=>0.142703,"qt"=>-0.152077,"pf"=>-0.384583,"pt"=>0.387519),"75"=>Dict{String,Any}("qf"=>-0.0934064,"qt"=>0.127361,"pf"=>0.629623,"pt"=>-0.601774),"50"=>Dict{String,Any}("qf"=>0.00186656,"qt"=>-0.00553241,"pf"=>-0.936338,"pt"=>0.938344),"162"=>Dict{String,Any}("qf"=>0.0333203,"qt"=>-0.0504775,"pf"=>-0.370932,"pt"=>0.374136),"63"=>Dict{String,Any}("qf"=>0.0798292,"qt"=>-0.0838521,"pf"=>-0.470594,"pt"=>0.47915),"92"=>Dict{String,Any}("qf"=>0.469418,"qt"=>-0.467596,"pf"=>-0.392108,"pt"=>0.39489),"120"=>Dict{String,Any}("qf"=>-0.10094,"qt"=>0.060758,"pf"=>-0.242562,"pt"=>0.246333),"87"=>Dict{String,Any}("qf"=>-0.147912,"qt"=>0.103362,"pf"=>-0.241198,"pt"=>0.244557),"117"=>Dict{String,Any}("qf"=>0.0895322,"qt"=>-0.0866559,"pf"=>-0.574298,"pt"=>0.578379),"178"=>Dict{String,Any}("qf"=>0.112769,"qt"=>-0.12059,"pf"=>-0.125616,"pt"=>0.125856),"89"=>Dict{String,Any}("qf"=>0.0782715,"qt"=>-0.0569992,"pf"=>-0.679505,"pt"=>0.693584),"176"=>Dict{String,Any}("qf"=>-0.052603,"qt"=>0.0317285,"pf"=>3.73137e-5,"pt"=>-9.37244e-9),"182"=>Dict{String,Any}("qf"=>0.0425687,"qt"=>-0.0455193,"pf"=>0.0106916,"pt"=>-0.0106872),"161"=>Dict{String,Any}("qf"=>-0.0270889,"qt"=>0.0204775,"pf"=>0.426186,"pt"=>-0.424136),"146"=>Dict{String,Any}("qf"=>-0.094588,"qt"=>0.0841997,"pf"=>0.366708,"pt"=>-0.36376),"142"=>Dict{String,Any}("qf"=>-0.0432705,"qt"=>0.0459955,"pf"=>0.58728,"pt"=>-0.575203),"80"=>Dict{String,Any}("qf"=>0.18517,"qt"=>-0.189702,"pf"=>-0.415515,"pt"=>0.422635),"113"=>Dict{String,Any}("qf"=>-0.0623331,"qt"=>0.049964,"pf"=>0.0600545,"pt"=>-0.06),"110"=>Dict{String,Any}("qf"=>-0.214665,"qt"=>0.212679,"pf"=>0.421449,"pt"=>-0.419612),"157"=>Dict{String,Any}("qf"=>-0.0728495,"qt"=>0.0513009,"pf"=>-0.218677,"pt"=>0.219511),"57"=>Dict{String,Any}("qf"=>0.166745,"qt"=>-0.198512,"pf"=>-0.246124,"pt"=>0.251209),"165"=>Dict{String,Any}("qf"=>-0.0376501,"qt"=>0.0151151,"pf"=>0.389412,"pt"=>-0.382997),"173"=>Dict{String,Any}("qf"=>-0.0529668,"qt"=>0.0487001,"pf"=>0.367497,"pt"=>-0.366131),"171"=>Dict{String,Any}("qf"=>-0.0524039,"qt"=>0.0429668,"pf"=>0.391275,"pt"=>-0.387497),"130"=>Dict{String,Any}("qf"=>0.0474213,"qt"=>-0.0707797,"pf"=>-0.181446,"pt"=>0.183576),"15"=>Dict{String,Any}("qf"=>0.0332949,"qt"=>-0.021751,"pf"=>-0.833601,"pt"=>0.839004),"61"=>Dict{String,Any}("qf"=>0.21374,"qt"=>-0.211154,"pf"=>-0.478689,"pt"=>0.484902),"67"=>Dict{String,Any}("qf"=>0.199952,"qt"=>-0.0782956,"pf"=>-0.778973,"pt"=>0.825596),"108"=>Dict{String,Any}("qf"=>-0.0568209,"qt"=>0.183794,"pf"=>1.51792,"pt"=>-1.4564),"100"=>Dict{String,Any}("qf"=>0.187456,"qt"=>-0.0838259,"pf"=>-0.891315,"pt"=>0.928404),"46"=>Dict{String,Any}("qf"=>-0.0586791,"qt"=>0.0557249,"pf"=>0.0115968,"pt"=>-0.0115899),"170"=>Dict{String,Any}("qf"=>-0.0256919,"qt"=>-0.0120633,"pf"=>0.266666,"pt"=>-0.263144),"151"=>Dict{String,Any}("qf"=>0.126406,"qt"=>-0.141301,"pf"=>0.372088,"pt"=>-0.369511),"68"=>Dict{String,Any}("qf"=>0.0952689,"qt"=>-0.0682232,"pf"=>-0.60982,"pt"=>0.636412),"56"=>Dict{String,Any}("qf"=>0.240321,"qt"=>-0.250301,"pf"=>0.0298256,"pt"=>-0.0289812),"147"=>Dict{String,Any}("qf"=>0.164181,"qt"=>-0.171967,"pf"=>0.261299,"pt"=>-0.260097),"76"=>Dict{String,Any}("qf"=>-0.118351,"qt"=>0.149824,"pf"=>0.615105,"pt"=>-0.58317),"186"=>Dict{String,Any}("qf"=>0.0110746,"qt"=>-0.0234696,"pf"=>-0.145777,"pt"=>0.146131),"180"=>Dict{String,Any}("qf"=>0.0556551,"qt"=>-0.0725687,"pf"=>0.0908458,"pt"=>-0.0906916),"135"=>Dict{String,Any}("qf"=>0.0956968,"qt"=>-0.10795,"pf"=>-0.427424,"pt"=>0.430968),"48"=>Dict{String,Any}("qf"=>-0.0299375,"qt"=>0.00141236,"pf"=>-0.304452,"pt"=>0.307974),"103"=>Dict{String,Any}("qf"=>-0.0299696,"qt"=>0.104867,"pf"=>1.07584,"pt"=>-1.05276),"32"=>Dict{String,Any}("qf"=>0.222212,"qt"=>-0.219274,"pf"=>0.195797,"pt"=>-0.195797),"109"=>Dict{String,Any}("qf"=>0.0305354,"qt"=>-0.0971557,"pf"=>-0.336682,"pt"=>0.336922),"2"=>Dict{String,Any}("qf"=>-0.0836286,"qt"=>0.0732957,"pf"=>-0.155734,"pt"=>0.156102),"183"=>Dict{String,Any}("qf"=>0.0436416,"qt"=>-0.20104,"pf"=>1.84111,"pt"=>-1.84),"155"=>Dict{String,Any}("qf"=>-0.444602,"qt"=>0.390278,"pf"=>0.201299,"pt"=>-0.19779),"51"=>Dict{String,Any}("qf"=>0.667424,"qt"=>-0.480979,"pf"=>2.31403,"pt"=>-2.31403),"53"=>Dict{String,Any}("qf"=>0.0607933,"qt"=>-0.091127,"pf"=>0.311204,"pt"=>-0.305716),"106"=>Dict{String,Any}("qf"=>0.106025,"qt"=>-0.0622378,"pf"=>-0.639986,"pt"=>0.680617),"111"=>Dict{String,Any}("qf"=>0.103672,"qt"=>-0.145192,"pf"=>-0.230444,"pt"=>0.233514),"141"=>Dict{String,Any}("qf"=>-0.00103945,"qt"=>0.0958649,"pf"=>1.86,"pt"=>-1.82951),"93"=>Dict{String,Any}("qf"=>0.426512,"qt"=>-0.235085,"pf"=>2.32247,"pt"=>-2.32247),"10"=>Dict{String,Any}("qf"=>0.161463,"qt"=>-0.169836,"pf"=>0.375473,"pt"=>-0.372252),"154"=>Dict{String,Any}("qf"=>-0.106657,"qt"=>0.0796536,"pf"=>0.292916,"pt"=>-0.287436),"49"=>Dict{String,Any}("qf"=>-0.018469,"qt"=>0.0142751,"pf"=>0.299108,"pt"=>-0.29841),"5"=>Dict{String,Any}("qf"=>-0.0189711,"qt"=>0.00394022,"pf"=>-0.121718,"pt"=>0.121879),"62"=>Dict{String,Any}("qf"=>-0.00491952,"qt"=>-0.00610454,"pf"=>-0.405082,"pt"=>0.411704),"90"=>Dict{String,Any}("qf"=>-0.214913,"qt"=>0.209559,"pf"=>-0.926364,"pt"=>0.928501),"164"=>Dict{String,Any}("qf"=>-0.0416098,"qt"=>0.0420351,"pf"=>0.568854,"pt"=>-0.555694),"86"=>Dict{String,Any}("qf"=>-0.118723,"qt"=>0.0734503,"pf"=>-0.201773,"pt"=>0.205637),"126"=>Dict{String,Any}("qf"=>-0.099696,"qt"=>-0.734501,"pf"=>-0.148569,"pt"=>0.148779),"152"=>Dict{String,Any}("qf"=>-0.00239195,"qt"=>-0.0102399,"pf"=>0.446586,"pt"=>-0.442358),"71"=>Dict{String,Any}("qf"=>-0.0641393,"qt"=>0.139509,"pf"=>0.916384,"pt"=>-0.877305),"37"=>Dict{String,Any}("qf"=>0.240856,"qt"=>-0.671104,"pf"=>-1.54151,"pt"=>1.55197),"6"=>Dict{String,Any}("qf"=>0.0549961,"qt"=>-0.0532949,"pf"=>-0.641879,"pt"=>0.643601),"125"=>Dict{String,Any}("qf"=>-0.155735,"qt"=>0.154482,"pf"=>-0.527124,"pt"=>0.531422),"98"=>Dict{String,Any}("qf"=>0.0690376,"qt"=>0.187453,"pf"=>-1.79502,"pt"=>1.85053),"174"=>Dict{String,Any}("qf"=>0.0111274,"qt"=>0.0504101,"pf"=>0.821434,"pt"=>-0.797498),"7"=>Dict{String,Any}("qf"=>-1.15703,"qt"=>-0.12229,"pf"=>0.00213007,"pt"=>-0.00151886),"140"=>Dict{String,Any}("qf"=>0.0765355,"qt"=>-0.0994381,"pf"=>-0.00532208,"pt"=>0.00550218),"107"=>Dict{String,Any}("qf"=>1.08585,"qt"=>-0.748972,"pf"=>-3.10954,"pt"=>3.10954),"102"=>Dict{String,Any}("qf"=>1.31195,"qt"=>-1.11111,"pf"=>-2.20555,"pt"=>2.20555),"69"=>Dict{String,Any}("qf"=>0.0925529,"qt"=>-0.0964923,"pf"=>-0.424034,"pt"=>0.427294),"97"=>Dict{String,Any}("qf"=>0.272215,"qt"=>-0.306759,"pf"=>-3.56156,"pt"=>3.59436),"4"=>Dict{String,Any}("qf"=>-0.123317,"qt"=>0.0958999,"pf"=>-0.151053,"pt"=>0.151829),"13"=>Dict{String,Any}("qf"=>-0.110921,"qt"=>0.111729,"pf"=>-0.557863,"pt"=>0.563388),"136"=>Dict{String,Any}("qf"=>0.0281894,"qt"=>-0.0162532,"pf"=>-0.636798,"pt"=>0.645667),"134"=>Dict{String,Any}("qf"=>-0.0881366,"qt"=>0.04,"pf"=>0.000106593,"pt"=>-9.97143e-9),"133"=>Dict{String,Any}("qf"=>-0.0133089,"qt"=>-0.0118634,"pf"=>0.21153,"pt"=>-0.210107),"148"=>Dict{String,Any}("qf"=>0.0794715,"qt"=>-0.117261,"pf"=>0.298591,"pt"=>-0.295402),"118"=>Dict{String,Any}("qf"=>-0.141075,"qt"=>0.14713,"pf"=>-0.534223,"pt"=>0.547573),"38"=>Dict{String,Any}("qf"=>-0.471027,"qt"=>0.106505,"pf"=>2.69249,"pt"=>-2.63738),"116"=>Dict{String,Any}("qf"=>-0.0296757,"qt"=>0.118162,"pf"=>1.42899,"pt"=>-1.35533),"66"=>Dict{String,Any}("qf"=>0.199952,"qt"=>-0.0782956,"pf"=>-0.778973,"pt"=>0.825596),"18"=>Dict{String,Any}("qf"=>-0.0664598,"qt"=>0.00970523,"pf"=>-0.209811,"pt"=>0.213016),"132"=>Dict{String,Any}("qf"=>0.000779733,"qt"=>-0.00915172,"pf"=>-0.293576,"pt"=>0.295981),"29"=>Dict{String,Any}("qf"=>0.0220867,"qt"=>-0.00600557,"pf"=>-0.633153,"pt"=>0.646059),"78"=>Dict{String,Any}("qf"=>0.0135235,"qt"=>-0.0208445,"pf"=>0.123847,"pt"=>-0.123805),"74"=>Dict{String,Any}("qf"=>-0.158563,"qt"=>0.130304,"pf"=>-0.0446279,"pt"=>0.0452308),"119"=>Dict{String,Any}("qf"=>-0.200482,"qt"=>0.231655,"pf"=>1.26679,"pt"=>-1.2221),"42"=>Dict{String,Any}("qf"=>0.00693973,"qt"=>-0.0240836,"pf"=>-0.327892,"pt"=>0.330897),"33"=>Dict{String,Any}("qf"=>-0.105063,"qt"=>0.213118,"pf"=>1.44483,"pt"=>-1.38575),"28"=>Dict{String,Any}("qf"=>0.0720772,"qt"=>-0.0720867,"pf"=>-0.527519,"pt"=>0.533153),"52"=>Dict{String,Any}("qf"=>0.121606,"qt"=>-0.133303,"pf"=>0.413758,"pt"=>-0.408332),"121"=>Dict{String,Any}("qf"=>0.191172,"qt"=>-0.200696,"pf"=>0.57426,"pt"=>-0.572987),"115"=>Dict{String,Any}("qf"=>0.13252,"qt"=>-0.166513,"pf"=>-0.0687742,"pt"=>0.0698894),"163"=>Dict{String,Any}("qf"=>-0.244073,"qt"=>0.232371,"pf"=>0.979732,"pt"=>-0.965226),"58"=>Dict{String,Any}("qf"=>0.150301,"qt"=>-0.166875,"pf"=>-0.341019,"pt"=>0.346737),"25"=>Dict{String,Any}("qf"=>0.147671,"qt"=>-0.172703,"pf"=>-0.203018,"pt"=>0.204583),"114"=>Dict{String,Any}("qf"=>0.115507,"qt"=>-0.146997,"pf"=>0.106802,"pt"=>-0.105702),"166"=>Dict{String,Any}("qf"=>-0.0662579,"qt"=>0.0596678,"pf"=>0.50438,"pt"=>-0.491951),"31"=>Dict{String,Any}("qf"=>0.193743,"qt"=>-0.145663,"pf"=>-1.3928,"pt"=>1.42096),"44"=>Dict{String,Any}("qf"=>0.0258892,"qt"=>-0.0600625,"pf"=>-0.0741967,"pt"=>0.0744523),"169"=>Dict{String,Any}("qf"=>0.124773,"qt"=>-0.13878,"pf"=>0.0797698,"pt"=>-0.0794571),"129"=>Dict{String,Any}("qf"=>-0.000945122,"qt"=>-0.0368477,"pf"=>-0.293335,"pt"=>0.294239),"150"=>Dict{String,Any}("qf"=>-0.012194,"qt"=>-0.0122788,"pf"=>0.0299025,"pt"=>-0.02988),"94"=>Dict{String,Any}("qf"=>-0.426512,"qt"=>0.306268,"pf"=>-2.32247,"pt"=>2.33159),"99"=>Dict{String,Any}("qf"=>0.0690376,"qt"=>0.187453,"pf"=>-1.79502,"pt"=>1.85053),"47"=>Dict{String,Any}("qf"=>-0.0313209,"qt"=>0.0218143,"pf"=>-0.341597,"pt"=>0.342755),"73"=>Dict{String,Any}("qf"=>-0.0818279,"qt"=>0.0485626,"pf"=>0.186981,"pt"=>-0.185372),"82"=>Dict{String,Any}("qf"=>0.18856,"qt"=>-0.204913,"pf"=>-0.210923,"pt"=>0.213777),"79"=>Dict{String,Any}("qf"=>0.144536,"qt"=>-0.146674,"pf"=>-0.303442,"pt"=>0.303984),"84"=>Dict{String,Any}("qf"=>-0.150727,"qt"=>0.0995551,"pf"=>-0.199624,"pt"=>0.2023),"104"=>Dict{String,Any}("qf"=>0.397484,"qt"=>-1.0298,"pf"=>-1.4137,"pt"=>1.417),"124"=>Dict{String,Any}("qf"=>-0.0770414,"qt"=>0.0619656,"pf"=>-0.318314,"pt"=>0.321159),"185"=>Dict{String,Any}("qf"=>0.125947,"qt"=>-0.12653,"pf"=>0.479621,"pt"=>-0.476131),"70"=>Dict{String,Any}("qf"=>-0.0897566,"qt"=>0.110375,"pf"=>0.74209,"pt"=>-0.727884),"8"=>Dict{String,Any}("qf"=>0.427548,"qt"=>-0.385567,"pf"=>1.25938,"pt"=>-1.25938),"64"=>Dict{String,Any}("qf"=>0.0067972,"qt"=>-0.0463554,"pf"=>-0.22111,"pt"=>0.224034),"91"=>Dict{String,Any}("qf"=>0.266948,"qt"=>-0.267673,"pf"=>-0.481059,"pt"=>0.484453),"60"=>Dict{String,Any}("qf"=>0.194973,"qt"=>-0.231296,"pf"=>-0.128605,"pt"=>0.13098),"158"=>Dict{String,Any}("qf"=>-0.0697601,"qt"=>0.0191498,"pf"=>0.102358,"pt"=>-0.101912),"156"=>Dict{String,Any}("qf"=>-0.138033,"qt"=>0.124685,"pf"=>-0.159903,"pt"=>0.160598),"144"=>Dict{String,Any}("qf"=>-0.0293097,"qt"=>0.024588,"pf"=>0.492445,"pt"=>-0.486708),"22"=>Dict{String,Any}("qf"=>-0.041183,"qt"=>-0.00930395,"pf"=>-0.095979,"pt"=>0.0963657),"11"=>Dict{String,Any}("qf"=>0.131148,"qt"=>-0.135541,"pf"=>0.46275,"pt"=>-0.458445),"16"=>Dict{String,Any}("qf"=>0.0753764,"qt"=>-0.0935402,"pf"=>0.130697,"pt"=>-0.130189),"40"=>Dict{String,Any}("qf"=>-0.0570541,"qt"=>0.0484395,"pf"=>-0.07237,"pt"=>0.0724511),"72"=>Dict{String,Any}("qf"=>-0.037341,"qt"=>0.0318279,"pf"=>0.369811,"pt"=>-0.366981),"128"=>Dict{String,Any}("qf"=>-0.014418,"qt"=>-0.0691361,"pf"=>0.244999,"pt"=>-0.243333),"145"=>Dict{String,Any}("qf"=>-0.0643404,"qt"=>0.0484146,"pf"=>0.437241,"pt"=>-0.428741),"36"=>Dict{String,Any}("qf"=>0.369043,"qt"=>-0.271715,"pf"=>1.6567,"pt"=>-1.6567),"95"=>Dict{String,Any}("qf"=>-0.578483,"qt"=>0.62385,"pf"=>1.22998,"pt"=>-1.22998),"138"=>Dict{String,Any}("qf"=>-0.108222,"qt"=>0.105221,"pf"=>0.572319,"pt"=>-0.556933),"153"=>Dict{String,Any}("qf"=>-0.0535251,"qt"=>0.0156999,"pf"=>0.353755,"pt"=>-0.348678)),"bus"=>Dict{String,Any}("32"=>Dict{String,Any}("va"=>-0.445466,"vm"=>1.0426),"29"=>Dict{String,Any}("va"=>-0.477686,"vm"=>1.03216),"1"=>Dict{String,Any}("va"=>-0.557696,"vm"=>1.03032),"54"=>Dict{String,Any}("va"=>-0.387074,"vm"=>1.01027),"78"=>Dict{String,Any}("va"=>-0.125734,"vm"=>1.03971),"81"=>Dict{String,Any}("va"=>-0.0961603,"vm"=>1.01451),"101"=>Dict{String,Any}("va"=>-0.130942,"vm"=>1.0369),"2"=>Dict{String,Any}("va"=>-0.525418,"vm"=>1.0435),"109"=>Dict{String,Any}("va"=>-0.317292,"vm"=>1.02564),"30"=>Dict{String,Any}("va"=>-0.435214,"vm"=>1.0288),"74"=>Dict{String,Any}("va"=>-0.185291,"vm"=>1.01051),"41"=>Dict{String,Any}("va"=>-0.520798,"vm"=>1.01807),"65"=>Dict{String,Any}("va"=>-0.122089,"vm"=>1.02988),"51"=>Dict{String,Any}("va"=>-0.332204,"vm"=>0.99378),"53"=>Dict{String,Any}("va"=>-0.388746,"vm"=>0.991445),"106"=>Dict{String,Any}("va"=>-0.282217,"vm"=>1.02649),"27"=>Dict{String,Any}("va"=>-0.435662,"vm"=>1.04158),"75"=>Dict{String,Any}("va"=>-0.161395,"vm"=>1.01398),"42"=>Dict{String,Any}("va"=>-0.469342,"vm"=>1.01085),"33"=>Dict{String,Any}("va"=>-0.518154,"vm"=>1.04575),"28"=>Dict{String,Any}("va"=>-0.462205,"vm"=>1.03342),"50"=>Dict{String,Any}("va"=>-0.262218,"vm"=>1.01133),"52"=>Dict{String,Any}("va"=>-0.354976,"vm"=>0.988283),"111"=>Dict{String,Any}("va"=>-0.340759,"vm"=>1.02631),"63"=>Dict{String,Any}("va"=>-0.268807,"vm"=>1.01793),"115"=>Dict{String,Any}("va"=>-0.449809,"vm"=>1.03718),"92"=>Dict{String,Any}("va"=>-0.0692177,"vm"=>1.04495),"88"=>Dict{String,Any}("va"=>-0.0432707,"vm"=>1.04735),"93"=>Dict{String,Any}("va"=>-0.108255,"vm"=>1.03499),"26"=>Dict{String,Any}("va"=>-0.21392,"vm"=>1.02521),"10"=>Dict{String,Any}("va"=>-0.509,"vm"=>1.03529),"77"=>Dict{String,Any}("va"=>-0.11986,"vm"=>1.04411),"24"=>Dict{String,Any}("va"=>-0.304471,"vm"=>1.0567),"87"=>Dict{String,Any}("va"=>-0.110388,"vm"=>1.05482),"117"=>Dict{String,Any}("va"=>-0.519554,"vm"=>1.04532),"58"=>Dict{String,Any}("va"=>-0.361129,"vm"=>0.998078),"25"=>Dict{String,Any}("va"=>-0.220527,"vm"=>1.06),"114"=>Dict{String,Any}("va"=>-0.4498,"vm"=>1.03764),"23"=>Dict{String,Any}("va"=>-0.324008,"vm"=>1.05205),"49"=>Dict{String,Any}("va"=>-0.206199,"vm"=>1.02324),"59"=>Dict{String,Any}("va"=>-0.349551,"vm"=>1.04823),"5"=>Dict{String,Any}("va"=>-0.539844,"vm"=>1.05036),"31"=>Dict{String,Any}("va"=>-0.475975,"vm"=>1.03461),"89"=>Dict{String,Any}("va"=>0.0154187,"vm"=>1.06),"62"=>Dict{String,Any}("va"=>-0.237915,"vm"=>1.04635),"43"=>Dict{String,Any}("va"=>-0.459204,"vm"=>1.02843),"90"=>Dict{String,Any}("va"=>-0.084958,"vm"=>1.05126),"39"=>Dict{String,Any}("va"=>-0.515517,"vm"=>1.03444),"112"=>Dict{String,Any}("va"=>-0.383578,"vm"=>1.00975),"34"=>Dict{String,Any}("va"=>-0.487382,"vm"=>1.05774),"44"=>Dict{String,Any}("va"=>-0.373831,"vm"=>1.00432),"94"=>Dict{String,Any}("va"=>-0.135117,"vm"=>1.03345),"55"=>Dict{String,Any}("va"=>-0.393378,"vm"=>1.01048),"86"=>Dict{String,Any}("va"=>-0.108722,"vm"=>1.04208),"17"=>Dict{String,Any}("va"=>-0.491831,"vm"=>1.06),"99"=>Dict{String,Any}("va"=>-0.157728,"vm"=>1.0516),"71"=>Dict{String,Any}("va"=>-0.192609,"vm"=>1.03548),"37"=>Dict{String,Any}("va"=>-0.479514,"vm"=>1.05997),"47"=>Dict{String,Any}("va"=>-0.209206,"vm"=>1.01974),"9"=>Dict{String,Any}("va"=>-0.510868,"vm"=>1.06),"73"=>Dict{String,Any}("va"=>-0.195598,"vm"=>1.03744),"82"=>Dict{String,Any}("va"=>-0.138372,"vm"=>1.03483),"12"=>Dict{String,Any}("va"=>-0.496077,"vm"=>1.06),"79"=>Dict{String,Any}("va"=>-0.122929,"vm"=>1.04174),"20"=>Dict{String,Any}("va"=>-0.501285,"vm"=>1.03446),"6"=>Dict{String,Any}("va"=>-0.534018,"vm"=>1.05233),"84"=>Dict{String,Any}("va"=>-0.102422,"vm"=>1.04085),"80"=>Dict{String,Any}("va"=>-0.091374,"vm"=>1.06),"104"=>Dict{String,Any}("va"=>-0.259504,"vm"=>1.03709),"98"=>Dict{String,Any}("va"=>-0.134448,"vm"=>1.04955),"113"=>Dict{String,Any}("va"=>-0.487505,"vm"=>1.05777),"110"=>Dict{String,Any}("va"=>-0.339874,"vm"=>1.0232),"70"=>Dict{String,Any}("va"=>-0.17687,"vm"=>1.03173),"14"=>Dict{String,Any}("va"=>-0.51143,"vm"=>1.05602),"7"=>Dict{String,Any}("va"=>-0.521741,"vm"=>1.05406),"96"=>Dict{String,Any}("va"=>-0.137549,"vm"=>1.03266),"57"=>Dict{String,Any}("va"=>-0.341991,"vm"=>1.00606),"8"=>Dict{String,Any}("va"=>-0.509657,"vm"=>1.04474),"64"=>Dict{String,Any}("va"=>-0.224965,"vm"=>1.02902),"19"=>Dict{String,Any}("va"=>-0.527022,"vm"=>1.04755),"91"=>Dict{String,Any}("va"=>-0.0825085,"vm"=>1.04436),"107"=>Dict{String,Any}("va"=>-0.326043,"vm"=>1.02208),"102"=>Dict{String,Any}("va"=>-0.0913319,"vm"=>1.04121),"69"=>Dict{String,Any}("va"=>3.15771e-34,"vm"=>1.06),"60"=>Dict{String,Any}("va"=>-0.265432,"vm"=>1.05497),"97"=>Dict{String,Any}("va"=>-0.120522,"vm"=>1.04162),"4"=>Dict{String,Any}("va"=>-0.545804,"vm"=>1.05109),"22"=>Dict{String,Any}("va"=>-0.418141,"vm"=>1.03315),"11"=>Dict{String,Any}("va"=>-0.56631,"vm"=>1.03265),"35"=>Dict{String,Any}("va"=>-0.494458,"vm"=>1.05516),"13"=>Dict{String,Any}("va"=>-0.57355,"vm"=>1.02381),"15"=>Dict{String,Any}("va"=>-0.528081,"vm"=>1.04817),"61"=>Dict{String,Any}("va"=>-0.254737,"vm"=>1.06),"67"=>Dict{String,Any}("va"=>-0.151294,"vm"=>1.04382),"108"=>Dict{String,Any}("va"=>-0.306766,"vm"=>1.02796),"118"=>Dict{String,Any}("va"=>-0.182236,"vm"=>1.00107),"16"=>Dict{String,Any}("va"=>-0.506692,"vm"=>1.05312),"100"=>Dict{String,Any}("va"=>-0.152586,"vm"=>1.05328),"40"=>Dict{String,Any}("va"=>-0.522825,"vm"=>1.03015),"21"=>Dict{String,Any}("va"=>-0.467958,"vm"=>1.02917),"38"=>Dict{String,Any}("va"=>-0.403646,"vm"=>1.00989),"46"=>Dict{String,Any}("va"=>-0.270682,"vm"=>1.01219),"72"=>Dict{String,Any}("va"=>-0.25773,"vm"=>1.0442),"83"=>Dict{String,Any}("va"=>-0.128155,"vm"=>1.03737),"45"=>Dict{String,Any}("va"=>-0.325655,"vm"=>0.995967),"68"=>Dict{String,Any}("va"=>-0.0996015,"vm"=>1.0206),"56"=>Dict{String,Any}("va"=>-0.388187,"vm"=>1.00977),"116"=>Dict{String,Any}("va"=>-0.106726,"vm"=>1.0195),"36"=>Dict{String,Any}("va"=>-0.49468,"vm"=>1.05569),"66"=>Dict{String,Any}("va"=>-0.0521385,"vm"=>1.06),"76"=>Dict{String,Any}("va"=>-0.190454,"vm"=>0.999615),"95"=>Dict{String,Any}("va"=>-0.143719,"vm"=>1.023),"85"=>Dict{String,Any}("va"=>-0.0849807,"vm"=>1.04907),"48"=>Dict{String,Any}("va"=>-0.228408,"vm"=>1.02045),"18"=>Dict{String,Any}("va"=>-0.523773,"vm"=>1.05334),"103"=>Dict{String,Any}("va"=>-0.202199,"vm"=>1.05037),"105"=>Dict{String,Any}("va"=>-0.279854,"vm"=>1.03457),"3"=>Dict{String,Any}("va"=>-0.552449,"vm"=>1.03549)),"per_unit"=>true),"data"=>Dict{String,Any}("name"=>"nesta_case118_ieee","bus_count"=>118,"branch_count"=>186),"machine"=>Dict("cpu"=>"Intel(R) Xeon(R) CPU E5-1650 v3 @ 3.50GHz","memory"=>"31.338275909423828 Gb"),"objective_lb"=>-Inf)
	Command being timed: "julia --color=no nesta-static-contingency.jl"
	User time (seconds): 81.42
	System time (seconds): 3.93
	Percent of CPU this job got: 104%
	Elapsed (wall clock) time (h:mm:ss or m:ss): 1:22.05
	Average shared text size (kbytes): 0
	Average unshared data size (kbytes): 0
	Average stack size (kbytes): 0
	Average total size (kbytes): 0
	Maximum resident set size (kbytes): 434808
	Average resident set size (kbytes): 0
	Major (requiring I/O) page faults: 0
	Minor (reclaiming a frame) page faults: 603106
	Voluntary context switches: 209
	Involuntary context switches: 217
	Swaps: 0
	File system inputs: 0
	File system outputs: 13096
	Socket messages sent: 0
	Socket messages received: 0
	Signals delivered: 0
	Page size (bytes): 4096
	Exit status: 0
